2024-11-06T02:37:08+00:00 DEBUG 
====Stripe Version: 8.6.1====
====Stripe Plugin API Version: 2024-06-20====
====Start Log====
account
====End Log====

2024-11-06T04:55:44+00:00 DEBUG 
====Stripe Version: 8.6.1====
====Stripe Plugin API Version: 2024-06-20====
====Start Log====
account
====End Log====

2024-11-06T07:37:19+00:00 DEBUG 
====Stripe Version: 8.6.1====
====Stripe Plugin API Version: 2024-06-20====
====Start Log====
account
====End Log====

2024-11-06T12:44:21+00:00 DEBUG 
====Stripe Version: 8.6.1====
====Stripe Plugin API Version: 2024-06-20====
====Start Log====
account
====End Log====

2024-11-06T14:44:25+00:00 DEBUG 
====Stripe Version: 8.6.1====
====Stripe Plugin API Version: 2024-06-20====
====Start Log====
account
====End Log====

