2024-10-29T00:42:31+00:00 DEBUG 
====Stripe Version: 8.6.1====
====Stripe Plugin API Version: 2024-06-20====
====Start Log====
account
====End Log====

2024-10-29T03:52:54+00:00 DEBUG 
====Stripe Version: 8.6.1====
====Stripe Plugin API Version: 2024-06-20====
====Start Log====
account
====End Log====

2024-10-29T05:53:56+00:00 DEBUG 
====Stripe Version: 8.6.1====
====Stripe Plugin API Version: 2024-06-20====
====Start Log====
account
====End Log====

2024-10-29T07:55:57+00:00 DEBUG 
====Stripe Version: 8.6.1====
====Stripe Plugin API Version: 2024-06-20====
====Start Log====
account
====End Log====

2024-10-29T10:27:27+00:00 DEBUG 
====Stripe Version: 8.6.1====
====Stripe Plugin API Version: 2024-06-20====
====Start Log====
account
====End Log====

2024-10-29T10:27:27+00:00 DEBUG 
====Stripe Version: 8.6.1====
====Stripe Plugin API Version: 2024-06-20====
====Start Log====
account
====End Log====

2024-10-29T10:27:28+00:00 DEBUG 
====Stripe Version: 8.6.1====
====Stripe Plugin API Version: 2024-06-20====
====Start Log====
account
====End Log====

2024-10-29T10:27:28+00:00 DEBUG 
====Stripe Version: 8.6.1====
====Stripe Plugin API Version: 2024-06-20====
====Start Log====
account
====End Log====

2024-10-29T10:27:29+00:00 DEBUG 
====Stripe Version: 8.6.1====
====Stripe Plugin API Version: 2024-06-20====
====Start Log====
account
====End Log====

2024-10-29T10:27:29+00:00 DEBUG 
====Stripe Version: 8.6.1====
====Stripe Plugin API Version: 2024-06-20====
====Start Log====
account
====End Log====

2024-10-29T10:27:30+00:00 DEBUG 
====Stripe Version: 8.6.1====
====Stripe Plugin API Version: 2024-06-20====
====Start Log====
account
====End Log====

2024-10-29T10:27:30+00:00 DEBUG 
====Stripe Version: 8.6.1====
====Stripe Plugin API Version: 2024-06-20====
====Start Log====
account
====End Log====

2024-10-29T10:27:31+00:00 DEBUG 
====Stripe Version: 8.6.1====
====Stripe Plugin API Version: 2024-06-20====
====Start Log====
account
====End Log====

2024-10-29T12:55:08+00:00 DEBUG 
====Stripe Version: 8.6.1====
====Stripe Plugin API Version: 2024-06-20====
====Start Log====
account
====End Log====

