2024-10-24T14:01:08+00:00 DEBUG 
====Stripe Version: 8.6.1====
====Stripe Plugin API Version: 2024-06-20====
====Start Log====
payment_methods request: Array
(
    [customer] => cus_Qmv82hyKLu5DXy
    [type] => card
    [limit] => 100
)

====End Log====

2024-10-24T14:01:09+00:00 DEBUG 
====Stripe Version: 8.6.1====
====Stripe Plugin API Version: 2024-06-20====
====Start Log====
payment_methods response with stripe-version: 2024-06-20
====End Log====

2024-10-24T14:01:09+00:00 DEBUG 
====Stripe Version: 8.6.1====
====Stripe Plugin API Version: 2024-06-20====
====Start Log====
payment_methods request: Array
(
    [customer] => cus_Qmv82hyKLu5DXy
    [type] => card
    [limit] => 100
)

====End Log====

2024-10-24T14:01:09+00:00 DEBUG 
====Stripe Version: 8.6.1====
====Stripe Plugin API Version: 2024-06-20====
====Start Log====
payment_methods response with stripe-version: 2024-06-20
====End Log====

2024-10-24T14:01:12+00:00 DEBUG 
====Stripe Version: 8.6.1====
====Stripe Plugin API Version: 2024-06-20====
====Start Log====
payment_methods request: Array
(
    [customer] => cus_Qmv82hyKLu5DXy
    [type] => card
    [limit] => 100
)

====End Log====

2024-10-24T14:01:12+00:00 DEBUG 
====Stripe Version: 8.6.1====
====Stripe Plugin API Version: 2024-06-20====
====Start Log====
payment_methods response with stripe-version: 2024-06-20
====End Log====

2024-10-24T14:01:12+00:00 DEBUG 
====Stripe Version: 8.6.1====
====Stripe Plugin API Version: 2024-06-20====
====Start Log====
payment_methods request: Array
(
    [customer] => cus_Qmv82hyKLu5DXy
    [type] => card
    [limit] => 100
)

====End Log====

2024-10-24T14:01:13+00:00 DEBUG 
====Stripe Version: 8.6.1====
====Stripe Plugin API Version: 2024-06-20====
====Start Log====
payment_methods response with stripe-version: 2024-06-20
====End Log====

2024-10-24T14:43:34+00:00 DEBUG 
====Stripe Version: 8.6.1====
====Stripe Plugin API Version: 2024-06-20====
====Start Log====
account
====End Log====

2024-10-24T16:20:35+00:00 DEBUG 
====Stripe Version: 8.6.1====
====Stripe Plugin API Version: 2024-06-20====
====Start Log====
payment_methods request: Array
(
    [customer] => cus_Qmv82hyKLu5DXy
    [type] => card
    [limit] => 100
)

====End Log====

2024-10-24T16:20:35+00:00 DEBUG 
====Stripe Version: 8.6.1====
====Stripe Plugin API Version: 2024-06-20====
====Start Log====
payment_methods response with stripe-version: 2024-06-20
====End Log====

2024-10-24T16:20:35+00:00 DEBUG 
====Stripe Version: 8.6.1====
====Stripe Plugin API Version: 2024-06-20====
====Start Log====
payment_methods request: Array
(
    [customer] => cus_Qmv82hyKLu5DXy
    [type] => card
    [limit] => 100
)

====End Log====

2024-10-24T16:20:36+00:00 DEBUG 
====Stripe Version: 8.6.1====
====Stripe Plugin API Version: 2024-06-20====
====Start Log====
payment_methods response with stripe-version: 2024-06-20
====End Log====

2024-10-24T16:20:39+00:00 DEBUG 
====Stripe Version: 8.6.1====
====Stripe Plugin API Version: 2024-06-20====
====Start Log====
payment_methods request: Array
(
    [customer] => cus_Qmv82hyKLu5DXy
    [type] => card
    [limit] => 100
)

====End Log====

2024-10-24T16:20:39+00:00 DEBUG 
====Stripe Version: 8.6.1====
====Stripe Plugin API Version: 2024-06-20====
====Start Log====
payment_methods response with stripe-version: 2024-06-20
====End Log====

2024-10-24T16:20:39+00:00 DEBUG 
====Stripe Version: 8.6.1====
====Stripe Plugin API Version: 2024-06-20====
====Start Log====
payment_methods request: Array
(
    [customer] => cus_Qmv82hyKLu5DXy
    [type] => card
    [limit] => 100
)

====End Log====

2024-10-24T16:20:40+00:00 DEBUG 
====Stripe Version: 8.6.1====
====Stripe Plugin API Version: 2024-06-20====
====Start Log====
payment_methods response with stripe-version: 2024-06-20
====End Log====

2024-10-24T16:26:25+00:00 DEBUG 
====Stripe Version: 8.6.1====
====Stripe Plugin API Version: 2024-06-20====
====Start Log====
payment_methods request: Array
(
    [customer] => cus_Qmv82hyKLu5DXy
    [type] => card
    [limit] => 100
)

====End Log====

2024-10-24T16:26:25+00:00 DEBUG 
====Stripe Version: 8.6.1====
====Stripe Plugin API Version: 2024-06-20====
====Start Log====
payment_methods response with stripe-version: 2024-06-20
====End Log====

2024-10-24T16:26:25+00:00 DEBUG 
====Stripe Version: 8.6.1====
====Stripe Plugin API Version: 2024-06-20====
====Start Log====
payment_methods request: Array
(
    [customer] => cus_Qmv82hyKLu5DXy
    [type] => card
    [limit] => 100
)

====End Log====

2024-10-24T16:26:26+00:00 DEBUG 
====Stripe Version: 8.6.1====
====Stripe Plugin API Version: 2024-06-20====
====Start Log====
payment_methods response with stripe-version: 2024-06-20
====End Log====

2024-10-24T16:26:28+00:00 DEBUG 
====Stripe Version: 8.6.1====
====Stripe Plugin API Version: 2024-06-20====
====Start Log====
payment_methods request: Array
(
    [customer] => cus_Qmv82hyKLu5DXy
    [type] => card
    [limit] => 100
)

====End Log====

2024-10-24T16:26:28+00:00 DEBUG 
====Stripe Version: 8.6.1====
====Stripe Plugin API Version: 2024-06-20====
====Start Log====
payment_methods response with stripe-version: 2024-06-20
====End Log====

2024-10-24T16:26:28+00:00 DEBUG 
====Stripe Version: 8.6.1====
====Stripe Plugin API Version: 2024-06-20====
====Start Log====
payment_methods request: Array
(
    [customer] => cus_Qmv82hyKLu5DXy
    [type] => card
    [limit] => 100
)

====End Log====

2024-10-24T16:26:29+00:00 DEBUG 
====Stripe Version: 8.6.1====
====Stripe Plugin API Version: 2024-06-20====
====Start Log====
payment_methods response with stripe-version: 2024-06-20
====End Log====

2024-10-24T16:28:47+00:00 DEBUG 
====Stripe Version: 8.6.1====
====Stripe Plugin API Version: 2024-06-20====
====Start Log====
payment_methods request: Array
(
    [customer] => cus_Qmv82hyKLu5DXy
    [type] => card
    [limit] => 100
)

====End Log====

2024-10-24T16:28:48+00:00 DEBUG 
====Stripe Version: 8.6.1====
====Stripe Plugin API Version: 2024-06-20====
====Start Log====
payment_methods response with stripe-version: 2024-06-20
====End Log====

2024-10-24T16:28:48+00:00 DEBUG 
====Stripe Version: 8.6.1====
====Stripe Plugin API Version: 2024-06-20====
====Start Log====
payment_methods request: Array
(
    [customer] => cus_Qmv82hyKLu5DXy
    [type] => card
    [limit] => 100
)

====End Log====

2024-10-24T16:28:48+00:00 DEBUG 
====Stripe Version: 8.6.1====
====Stripe Plugin API Version: 2024-06-20====
====Start Log====
payment_methods response with stripe-version: 2024-06-20
====End Log====

2024-10-24T16:28:50+00:00 DEBUG 
====Stripe Version: 8.6.1====
====Stripe Plugin API Version: 2024-06-20====
====Start Log====
payment_methods request: Array
(
    [customer] => cus_Qmv82hyKLu5DXy
    [type] => card
    [limit] => 100
)

====End Log====

2024-10-24T16:28:51+00:00 DEBUG 
====Stripe Version: 8.6.1====
====Stripe Plugin API Version: 2024-06-20====
====Start Log====
payment_methods response with stripe-version: 2024-06-20
====End Log====

2024-10-24T16:28:51+00:00 DEBUG 
====Stripe Version: 8.6.1====
====Stripe Plugin API Version: 2024-06-20====
====Start Log====
payment_methods request: Array
(
    [customer] => cus_Qmv82hyKLu5DXy
    [type] => card
    [limit] => 100
)

====End Log====

2024-10-24T16:28:51+00:00 DEBUG 
====Stripe Version: 8.6.1====
====Stripe Plugin API Version: 2024-06-20====
====Start Log====
payment_methods response with stripe-version: 2024-06-20
====End Log====

2024-10-24T16:29:47+00:00 DEBUG 
====Stripe Version: 8.6.1====
====Stripe Plugin API Version: 2024-06-20====
====Start Log====
payment_methods request: Array
(
    [customer] => cus_Qmv82hyKLu5DXy
    [type] => card
    [limit] => 100
)

====End Log====

2024-10-24T16:29:47+00:00 DEBUG 
====Stripe Version: 8.6.1====
====Stripe Plugin API Version: 2024-06-20====
====Start Log====
payment_methods response with stripe-version: 2024-06-20
====End Log====

2024-10-24T16:29:47+00:00 DEBUG 
====Stripe Version: 8.6.1====
====Stripe Plugin API Version: 2024-06-20====
====Start Log====
payment_methods request: Array
(
    [customer] => cus_Qmv82hyKLu5DXy
    [type] => card
    [limit] => 100
)

====End Log====

2024-10-24T16:29:48+00:00 DEBUG 
====Stripe Version: 8.6.1====
====Stripe Plugin API Version: 2024-06-20====
====Start Log====
payment_methods response with stripe-version: 2024-06-20
====End Log====

2024-10-24T16:29:51+00:00 DEBUG 
====Stripe Version: 8.6.1====
====Stripe Plugin API Version: 2024-06-20====
====Start Log====
payment_methods request: Array
(
    [customer] => cus_Qmv82hyKLu5DXy
    [type] => card
    [limit] => 100
)

====End Log====

2024-10-24T16:29:51+00:00 DEBUG 
====Stripe Version: 8.6.1====
====Stripe Plugin API Version: 2024-06-20====
====Start Log====
payment_methods response with stripe-version: 2024-06-20
====End Log====

2024-10-24T16:29:51+00:00 DEBUG 
====Stripe Version: 8.6.1====
====Stripe Plugin API Version: 2024-06-20====
====Start Log====
payment_methods request: Array
(
    [customer] => cus_Qmv82hyKLu5DXy
    [type] => card
    [limit] => 100
)

====End Log====

2024-10-24T16:29:52+00:00 DEBUG 
====Stripe Version: 8.6.1====
====Stripe Plugin API Version: 2024-06-20====
====Start Log====
payment_methods response with stripe-version: 2024-06-20
====End Log====

2024-10-24T16:30:44+00:00 DEBUG 
====Stripe Version: 8.6.1====
====Stripe Plugin API Version: 2024-06-20====
====Start Log====
payment_methods request: Array
(
    [customer] => cus_Qmv82hyKLu5DXy
    [type] => card
    [limit] => 100
)

====End Log====

2024-10-24T16:30:44+00:00 DEBUG 
====Stripe Version: 8.6.1====
====Stripe Plugin API Version: 2024-06-20====
====Start Log====
payment_methods response with stripe-version: 2024-06-20
====End Log====

2024-10-24T16:30:44+00:00 DEBUG 
====Stripe Version: 8.6.1====
====Stripe Plugin API Version: 2024-06-20====
====Start Log====
payment_methods request: Array
(
    [customer] => cus_Qmv82hyKLu5DXy
    [type] => card
    [limit] => 100
)

====End Log====

2024-10-24T16:30:44+00:00 DEBUG 
====Stripe Version: 8.6.1====
====Stripe Plugin API Version: 2024-06-20====
====Start Log====
payment_methods response with stripe-version: 2024-06-20
====End Log====

2024-10-24T16:30:46+00:00 DEBUG 
====Stripe Version: 8.6.1====
====Stripe Plugin API Version: 2024-06-20====
====Start Log====
payment_methods request: Array
(
    [customer] => cus_Qmv82hyKLu5DXy
    [type] => card
    [limit] => 100
)

====End Log====

2024-10-24T16:30:47+00:00 DEBUG 
====Stripe Version: 8.6.1====
====Stripe Plugin API Version: 2024-06-20====
====Start Log====
payment_methods response with stripe-version: 2024-06-20
====End Log====

2024-10-24T16:30:47+00:00 DEBUG 
====Stripe Version: 8.6.1====
====Stripe Plugin API Version: 2024-06-20====
====Start Log====
payment_methods request: Array
(
    [customer] => cus_Qmv82hyKLu5DXy
    [type] => card
    [limit] => 100
)

====End Log====

2024-10-24T16:30:47+00:00 DEBUG 
====Stripe Version: 8.6.1====
====Stripe Plugin API Version: 2024-06-20====
====Start Log====
payment_methods response with stripe-version: 2024-06-20
====End Log====

2024-10-24T16:31:05+00:00 DEBUG 
====Stripe Version: 8.6.1====
====Stripe Plugin API Version: 2024-06-20====
====Start Log====
payment_methods request: Array
(
    [customer] => cus_Qmv82hyKLu5DXy
    [type] => card
    [limit] => 100
)

====End Log====

2024-10-24T16:31:05+00:00 DEBUG 
====Stripe Version: 8.6.1====
====Stripe Plugin API Version: 2024-06-20====
====Start Log====
payment_methods response with stripe-version: 2024-06-20
====End Log====

2024-10-24T16:31:05+00:00 DEBUG 
====Stripe Version: 8.6.1====
====Stripe Plugin API Version: 2024-06-20====
====Start Log====
payment_methods request: Array
(
    [customer] => cus_Qmv82hyKLu5DXy
    [type] => card
    [limit] => 100
)

====End Log====

2024-10-24T16:31:05+00:00 DEBUG 
====Stripe Version: 8.6.1====
====Stripe Plugin API Version: 2024-06-20====
====Start Log====
payment_methods response with stripe-version: 2024-06-20
====End Log====

2024-10-24T16:38:46+00:00 DEBUG 
====Stripe Version: 8.6.1====
====Stripe Plugin API Version: 2024-06-20====
====Start Log====
payment_methods request: Array
(
    [customer] => cus_Qmv82hyKLu5DXy
    [type] => card
    [limit] => 100
)

====End Log====

2024-10-24T16:38:46+00:00 DEBUG 
====Stripe Version: 8.6.1====
====Stripe Plugin API Version: 2024-06-20====
====Start Log====
payment_methods response with stripe-version: 2024-06-20
====End Log====

2024-10-24T16:38:47+00:00 DEBUG 
====Stripe Version: 8.6.1====
====Stripe Plugin API Version: 2024-06-20====
====Start Log====
payment_methods request: Array
(
    [customer] => cus_Qmv82hyKLu5DXy
    [type] => card
    [limit] => 100
)

====End Log====

2024-10-24T16:38:47+00:00 DEBUG 
====Stripe Version: 8.6.1====
====Stripe Plugin API Version: 2024-06-20====
====Start Log====
payment_methods response with stripe-version: 2024-06-20
====End Log====

2024-10-24T16:38:50+00:00 DEBUG 
====Stripe Version: 8.6.1====
====Stripe Plugin API Version: 2024-06-20====
====Start Log====
payment_methods request: Array
(
    [customer] => cus_Qmv82hyKLu5DXy
    [type] => card
    [limit] => 100
)

====End Log====

2024-10-24T16:38:50+00:00 DEBUG 
====Stripe Version: 8.6.1====
====Stripe Plugin API Version: 2024-06-20====
====Start Log====
payment_methods response with stripe-version: 2024-06-20
====End Log====

2024-10-24T16:38:50+00:00 DEBUG 
====Stripe Version: 8.6.1====
====Stripe Plugin API Version: 2024-06-20====
====Start Log====
payment_methods request: Array
(
    [customer] => cus_Qmv82hyKLu5DXy
    [type] => card
    [limit] => 100
)

====End Log====

2024-10-24T16:38:51+00:00 DEBUG 
====Stripe Version: 8.6.1====
====Stripe Plugin API Version: 2024-06-20====
====Start Log====
payment_methods response with stripe-version: 2024-06-20
====End Log====

2024-10-24T16:39:26+00:00 DEBUG 
====Stripe Version: 8.6.1====
====Stripe Plugin API Version: 2024-06-20====
====Start Log====
payment_methods request: Array
(
    [customer] => cus_Qmv82hyKLu5DXy
    [type] => card
    [limit] => 100
)

====End Log====

2024-10-24T16:39:27+00:00 DEBUG 
====Stripe Version: 8.6.1====
====Stripe Plugin API Version: 2024-06-20====
====Start Log====
payment_methods response with stripe-version: 2024-06-20
====End Log====

2024-10-24T16:39:27+00:00 DEBUG 
====Stripe Version: 8.6.1====
====Stripe Plugin API Version: 2024-06-20====
====Start Log====
payment_methods request: Array
(
    [customer] => cus_Qmv82hyKLu5DXy
    [type] => card
    [limit] => 100
)

====End Log====

2024-10-24T16:39:27+00:00 DEBUG 
====Stripe Version: 8.6.1====
====Stripe Plugin API Version: 2024-06-20====
====Start Log====
payment_methods response with stripe-version: 2024-06-20
====End Log====

2024-10-24T16:39:29+00:00 DEBUG 
====Stripe Version: 8.6.1====
====Stripe Plugin API Version: 2024-06-20====
====Start Log====
payment_methods request: Array
(
    [customer] => cus_Qmv82hyKLu5DXy
    [type] => card
    [limit] => 100
)

====End Log====

2024-10-24T16:39:30+00:00 DEBUG 
====Stripe Version: 8.6.1====
====Stripe Plugin API Version: 2024-06-20====
====Start Log====
payment_methods response with stripe-version: 2024-06-20
====End Log====

2024-10-24T16:39:30+00:00 DEBUG 
====Stripe Version: 8.6.1====
====Stripe Plugin API Version: 2024-06-20====
====Start Log====
payment_methods request: Array
(
    [customer] => cus_Qmv82hyKLu5DXy
    [type] => card
    [limit] => 100
)

====End Log====

2024-10-24T16:39:30+00:00 DEBUG 
====Stripe Version: 8.6.1====
====Stripe Plugin API Version: 2024-06-20====
====Start Log====
payment_methods response with stripe-version: 2024-06-20
====End Log====

2024-10-24T16:40:03+00:00 DEBUG 
====Stripe Version: 8.6.1====
====Stripe Plugin API Version: 2024-06-20====
====Start Log====
payment_methods/pm_1QDU4rB2DOTvq3XMczIdtvij
====End Log====

2024-10-24T16:40:03+00:00 DEBUG 
====Stripe Version: 8.6.1====
====Stripe Plugin API Version: 2024-06-20====
====Start Log====
payment_methods/pm_1QDU4rB2DOTvq3XMczIdtvij
====End Log====

2024-10-24T16:40:04+00:00 DEBUG 
====Stripe Version: 8.6.1====
====Stripe Plugin API Version: 2024-06-20====
====Start Log====
payment_intents request: Array
(
    [capture_method] => automatic
    [payment_method] => pm_1QDU4rB2DOTvq3XMczIdtvij
    [shipping] => 
    [setup_future_usage] => off_session
    [amount] => 2200
    [confirm] => true
    [currency] => usd
    [customer] => cus_Qmv82hyKLu5DXy
    [description] => Relish - Order 491
    [metadata] => Array
        (
            [customer_name] => Abhinav Grover
            [customer_email] => appstechydev@gmail.com
            [site_url] => https://relish.appstechy.com
            [order_id] => 491
            [order_key] => wc_order_Kz4BMylthYZZ0
            [payment_type] => single
        )

    [payment_method_types] => Array
        (
            [0] => card
        )

    [payment_method_options] => Array
        (
        )

    [level3] => Array
        (
            [merchant_reference] => 491
            [shipping_amount] => 0
            [line_items] => Array
                (
                    [0] => stdClass Object
                        (
                            [product_code] => 382
                            [product_description] => Chicken Rice Dish - Galbi
                            [unit_cost] => 1100
                            [quantity] => 2
                            [tax_amount] => 0
                            [discount_amount] => 0
                        )

                )

        )

)

====End Log====

2024-10-24T16:40:05+00:00 DEBUG 
====Stripe Version: 8.6.1====
====Stripe Plugin API Version: 2024-06-20====
====Start Log====
payment_intents response with stripe-version: 2024-06-20
====End Log====

2024-10-24T16:40:05+00:00 DEBUG 
====Stripe Version: 8.6.1====
====Stripe Plugin API Version: 2024-06-20====
====Start Log====
Level3 data sum incorrect: 
No such customer: 'cus_Qmv82hyKLu5DXy'
Order line items: 
Array
(
    [45] => WC_Order_Item_Product Object
        (
            [id:protected] => 45
            [data:protected] => Array
                (
                    [order_id] => 491
                    [name] => Chicken Rice Dish - Galbi
                    [product_id] => 382
                    [variation_id] => 0
                    [quantity] => 2
                    [tax_class] => 
                    [subtotal] => 22
                    [subtotal_tax] => 0
                    [total] => 22
                    [total_tax] => 0
                    [taxes] => Array
                        (
                            [total] => Array
                                (
                                )

                            [subtotal] => Array
                                (
                                )

                        )

                )

            [changes:protected] => Array
                (
                )

            [object_read:protected] => 1
            [object_type:protected] => order_item
            [extra_data:protected] => Array
                (
                    [product_id] => 0
                    [variation_id] => 0
                    [quantity] => 1
                    [tax_class] => 
                    [subtotal] => 0
                    [subtotal_tax] => 0
                    [total] => 0
                    [total_tax] => 0
                    [taxes] => Array
                        (
                            [subtotal] => Array
                                (
                                )

                            [total] => Array
                                (
                                )

                        )

                )

            [default_data:protected] => Array
                (
                    [order_id] => 0
                    [name] => 
                    [product_id] => 0
                    [variation_id] => 0
                    [quantity] => 1
                    [tax_class] => 
                    [subtotal] => 0
                    [subtotal_tax] => 0
                    [total] => 0
                    [total_tax] => 0
                    [taxes] => Array
                        (
                            [subtotal] => Array
                                (
                                )

                            [total] => Array
                                (
                                )

                        )

                )

            [data_store:protected] => WC_Data_Store Object
                (
                    [instance:WC_Data_Store:private] => WC_Order_Item_Product_Data_Store Object
                        (
                            [meta_type:protected] => order_item
                            [object_id_field_for_meta:protected] => order_item_id
                            [internal_meta_keys:protected] => Array
                                (
                                    [0] => _order_id
                                    [1] => _name
                                    [2] => _product_id
                                    [3] => _variation_id
                                    [4] => _quantity
                                    [5] => _tax_class
                                    [6] => _subtotal
                                    [7] => _subtotal_tax
                                    [8] => _total
                                    [9] => _total_tax
                                    [10] => _taxes
                                    [13] => _qty
                                    [15] => _line_subtotal
                                    [16] => _line_subtotal_tax
                                    [17] => _line_total
                                    [18] => _line_tax
                                    [19] => _line_tax_data
                                )

                            [must_exist_meta_keys:protected] => Array
                                (
                                )

                        )

                    [stores:WC_Data_Store:private] => Array
                        (
                            [coupon] => WC_Coupon_Data_Store_CPT
                            [customer] => WC_Customer_Data_Store
                            [customer-download] => WC_Customer_Download_Data_Store
                            [customer-download-log] => WC_Customer_Download_Log_Data_Store
                            [customer-session] => WC_Customer_Data_Store_Session
                            [order] => WC_Order_Data_Store_CPT
                            [order-refund] => WC_Order_Refund_Data_Store_CPT
                            [order-item] => WC_Order_Item_Data_Store
                            [order-item-coupon] => WC_Order_Item_Coupon_Data_Store
                            [order-item-fee] => WC_Order_Item_Fee_Data_Store
                            [order-item-product] => WC_Order_Item_Product_Data_Store
                            [order-item-shipping] => WC_Order_Item_Shipping_Data_Store
                            [order-item-tax] => WC_Order_Item_Tax_Data_Store
                            [payment-token] => WC_Payment_Token_Data_Store
                            [product] => WC_Product_Data_Store_CPT
                            [product-grouped] => WC_Product_Grouped_Data_Store_CPT
                            [product-variable] => WC_Product_Variable_Data_Store_CPT
                            [product-variation] => WC_Product_Variation_Data_Store_CPT
                            [shipping-zone] => WC_Shipping_Zone_Data_Store
                            [webhook] => WC_Webhook_Data_Store
                            [report-revenue-stats] => Automattic\WooCommerce\Admin\API\Reports\Orders\Stats\DataStore
                            [report-orders] => Automattic\WooCommerce\Admin\API\Reports\Orders\DataStore
                            [report-orders-stats] => Automattic\WooCommerce\Admin\API\Reports\Orders\Stats\DataStore
                            [report-products] => Automattic\WooCommerce\Admin\API\Reports\Products\DataStore
                            [report-variations] => Automattic\WooCommerce\Admin\API\Reports\Variations\DataStore
                            [report-products-stats] => Automattic\WooCommerce\Admin\API\Reports\Products\Stats\DataStore
                            [report-variations-stats] => Automattic\WooCommerce\Admin\API\Reports\Variations\Stats\DataStore
                            [report-categories] => Automattic\WooCommerce\Admin\API\Reports\Categories\DataStore
                            [report-taxes] => Automattic\WooCommerce\Admin\API\Reports\Taxes\DataStore
                            [report-taxes-stats] => Automattic\WooCommerce\Admin\API\Reports\Taxes\Stats\DataStore
                            [report-coupons] => Automattic\WooCommerce\Admin\API\Reports\Coupons\DataStore
                            [report-coupons-stats] => Automattic\WooCommerce\Admin\API\Reports\Coupons\Stats\DataStore
                            [report-downloads] => Automattic\WooCommerce\Admin\API\Reports\Downloads\DataStore
                            [report-downloads-stats] => Automattic\WooCommerce\Admin\API\Reports\Downloads\Stats\DataStore
                            [admin-note] => Automattic\WooCommerce\Admin\Notes\DataStore
                            [report-customers] => Automattic\WooCommerce\Admin\API\Reports\Customers\DataStore
                            [report-customers-stats] => Automattic\WooCommerce\Admin\API\Reports\Customers\Stats\DataStore
                            [report-stock-stats] => Automattic\WooCommerce\Admin\API\Reports\Stock\Stats\DataStore
                        )

                    [current_class_name:WC_Data_Store:private] => WC_Order_Item_Product_Data_Store
                    [object_type:WC_Data_Store:private] => order-item-product
                )

            [cache_group:protected] => order-items
            [meta_data:protected] => Array
                (
                )

            [legacy_datastore_props:protected] => Array
                (
                )

            [legacy_values] => 
            [legacy_cart_item_key] => 
            [meta_type:protected] => order_item
            [legacy_package_key] => 
        )

)

Order shipping amount: 
0
Order currency: 
USD
====End Log====

2024-10-24T16:40:05+00:00 DEBUG 
====Stripe Version: 8.6.1====
====Stripe Plugin API Version: 2024-06-20====
====Start Log====
payment_intents request: Array
(
    [capture_method] => automatic
    [payment_method] => pm_1QDU4rB2DOTvq3XMczIdtvij
    [shipping] => 
    [setup_future_usage] => off_session
    [amount] => 2200
    [confirm] => true
    [currency] => usd
    [customer] => cus_Qmv82hyKLu5DXy
    [description] => Relish - Order 491
    [metadata] => Array
        (
            [customer_name] => Abhinav Grover
            [customer_email] => appstechydev@gmail.com
            [site_url] => https://relish.appstechy.com
            [order_id] => 491
            [order_key] => wc_order_Kz4BMylthYZZ0
            [payment_type] => single
        )

    [payment_method_types] => Array
        (
            [0] => card
        )

    [payment_method_options] => Array
        (
        )

)

====End Log====

2024-10-24T16:40:05+00:00 DEBUG 
====Stripe Version: 8.6.1====
====Stripe Plugin API Version: 2024-06-20====
====Start Log====
payment_intents response with stripe-version: 2024-06-20
====End Log====

2024-10-24T16:40:05+00:00 DEBUG 
====Stripe Version: 8.6.1====
====Stripe Plugin API Version: 2024-06-20====
====Start Log====
customers request: Array
(
    [email] => appstechydev@gmail.com
    [description] => Name: Abhinav Grover, Username: admin
    [name] => Abhinav Grover
    [metadata] => Array
        (
        )

    [preferred_locales] => Array
        (
            [0] => en-US
        )

    [address] => Array
        (
            [line1] => 1200 Brickell Bay Drive
            [line2] => 
            [postal_code] => 19107
            [city] => Philadelphia
            [state] => PA
            [country] => US
        )

)

====End Log====

2024-10-24T16:40:06+00:00 DEBUG 
====Stripe Version: 8.6.1====
====Stripe Plugin API Version: 2024-06-20====
====Start Log====
customers response with stripe-version: 2024-06-20
====End Log====

2024-10-24T16:40:07+00:00 DEBUG 
====Stripe Version: 8.6.1====
====Stripe Plugin API Version: 2024-06-20====
====Start Log====
payment_intents request: Array
(
    [capture_method] => automatic
    [payment_method] => pm_1QDU4rB2DOTvq3XMczIdtvij
    [shipping] => 
    [setup_future_usage] => off_session
    [amount] => 2200
    [confirm] => true
    [currency] => usd
    [customer] => cus_R5fPtzHEt6y074
    [description] => Relish - Order 491
    [metadata] => Array
        (
            [customer_name] => Abhinav Grover
            [customer_email] => appstechydev@gmail.com
            [site_url] => https://relish.appstechy.com
            [order_id] => 491
            [order_key] => wc_order_Kz4BMylthYZZ0
            [payment_type] => single
        )

    [payment_method_types] => Array
        (
            [0] => card
        )

    [payment_method_options] => Array
        (
        )

    [level3] => Array
        (
            [merchant_reference] => 491
            [shipping_amount] => 0
            [line_items] => Array
                (
                    [0] => stdClass Object
                        (
                            [product_code] => 382
                            [product_description] => Chicken Rice Dish - Galbi
                            [unit_cost] => 1100
                            [quantity] => 2
                            [tax_amount] => 0
                            [discount_amount] => 0
                        )

                )

        )

)

====End Log====

2024-10-24T16:40:08+00:00 DEBUG 
====Stripe Version: 8.6.1====
====Stripe Plugin API Version: 2024-06-20====
====Start Log====
payment_intents response with stripe-version: 2024-06-20
====End Log====

2024-10-24T16:40:08+00:00 DEBUG 
====Stripe Version: 8.6.1====
====Stripe Plugin API Version: 2024-06-20====
====Start Log====
charges/ch_3QDU4xB2DOTvq3XM0g1ZwFDW request: Array
(
)

====End Log====

2024-10-24T16:40:09+00:00 DEBUG 
====Stripe Version: 8.6.1====
====Stripe Plugin API Version: 2024-06-20====
====Start Log====
charges/ch_3QDU4xB2DOTvq3XM0g1ZwFDW response with stripe-version: 2024-06-20
====End Log====

2024-10-24T16:40:09+00:00 DEBUG 
====Stripe Version: 8.6.1====
====Stripe Plugin API Version: 2024-06-20====
====Start Log====
Could not find order via charge ID: ch_3QDU4xB2DOTvq3XM0g1ZwFDW
====End Log====

2024-10-24T16:40:09+00:00 DEBUG 
====Stripe Version: 8.6.1====
====Stripe Plugin API Version: 2024-06-20====
====Start Log====
payment_methods request: Array
(
    [customer] => cus_R5fPtzHEt6y074
    [type] => card
    [limit] => 100
)

====End Log====

2024-10-24T16:40:09+00:00 DEBUG 
====Stripe Version: 8.6.1====
====Stripe Plugin API Version: 2024-06-20====
====Start Log====
payment_methods response with stripe-version: 2024-06-20
====End Log====

2024-10-24T16:40:09+00:00 DEBUG 
====Stripe Version: 8.6.1====
====Stripe Plugin API Version: 2024-06-20====
====Start Log====
customers/cus_R5fPtzHEt6y074 request: Array
(
    [invoice_settings] => Array
        (
            [default_payment_method] => pm_1QDU4rB2DOTvq3XMczIdtvij
        )

)

====End Log====

2024-10-24T16:40:10+00:00 DEBUG 
====Stripe Version: 8.6.1====
====Stripe Plugin API Version: 2024-06-20====
====Start Log====
customers/cus_R5fPtzHEt6y074 response with stripe-version: 2024-06-20
====End Log====

2024-10-24T16:40:10+00:00 DEBUG 
====Stripe Version: 8.6.1====
====Stripe Plugin API Version: 2024-06-20====
====Start Log====
charges/ch_3QDU4xB2DOTvq3XM0g1ZwFDW request: Array
(
)

====End Log====

2024-10-24T16:40:11+00:00 DEBUG 
====Stripe Version: 8.6.1====
====Stripe Plugin API Version: 2024-06-20====
====Start Log====
charges/ch_3QDU4xB2DOTvq3XM0g1ZwFDW response with stripe-version: 2024-06-20
====End Log====

2024-10-24T16:40:11+00:00 DEBUG 
====Stripe Version: 8.6.1====
====Stripe Plugin API Version: 2024-06-20====
====Start Log====
Processing response: stdClass Object
(
    [id] => ch_3QDU4xB2DOTvq3XM0g1ZwFDW
    [object] => charge
    [amount] => 2200
    [amount_captured] => 2200
    [amount_refunded] => 0
    [application] => ca_BC3QunyBFJIQULdxege9Gyg8WjKI1vXD
    [application_fee] => 
    [application_fee_amount] => 
    [balance_transaction] => txn_3QDU4xB2DOTvq3XM06RFB3XD
    [billing_details] => stdClass Object
        (
            [address] => stdClass Object
                (
                    [city] => Philadelphia
                    [country] => US
                    [line1] => 1200 Brickell Bay Drive
                    [line2] => 
                    [postal_code] => 19107
                    [state] => PA
                )

            [email] => appstechydev@gmail.com
            [name] => Abhinav Grover
            [phone] => 
        )

    [calculated_statement_descriptor] => RELISH MEALS, LLC
    [captured] => 1
    [created] => 1729788007
    [currency] => usd
    [customer] => cus_R5fPtzHEt6y074
    [description] => Relish - Order 491
    [destination] => 
    [dispute] => 
    [disputed] => 
    [failure_balance_transaction] => 
    [failure_code] => 
    [failure_message] => 
    [fraud_details] => stdClass Object
        (
        )

    [invoice] => 
    [level3] => stdClass Object
        (
            [line_items] => Array
                (
                    [0] => stdClass Object
                        (
                            [discount_amount] => 0
                            [product_code] => 382
                            [product_description] => Chicken Rice Dish - Galbi
                            [quantity] => 2
                            [tax_amount] => 0
                            [unit_cost] => 1100
                        )

                )

            [merchant_reference] => 491
            [shipping_amount] => 0
        )

    [livemode] => 
    [metadata] => stdClass Object
        (
            [customer_email] => appstechydev@gmail.com
            [customer_name] => Abhinav Grover
            [order_id] => 491
            [order_key] => wc_order_Kz4BMylthYZZ0
            [payment_type] => single
            [site_url] => https://relish.appstechy.com
        )

    [on_behalf_of] => 
    [order] => 
    [outcome] => stdClass Object
        (
            [network_status] => approved_by_network
            [reason] => 
            [risk_level] => normal
            [risk_score] => 16
            [seller_message] => Payment complete.
            [type] => authorized
        )

    [paid] => 1
    [payment_intent] => pi_3QDU4xB2DOTvq3XM04O5Lxp6
    [payment_method] => pm_1QDU4rB2DOTvq3XMczIdtvij
    [payment_method_details] => stdClass Object
        (
            [card] => stdClass Object
                (
                    [amount_authorized] => 2200
                    [authorization_code] => 
                    [brand] => visa
                    [checks] => stdClass Object
                        (
                            [address_line1_check] => pass
                            [address_postal_code_check] => pass
                            [cvc_check] => pass
                        )

                    [country] => US
                    [exp_month] => 12
                    [exp_year] => 2024
                    [extended_authorization] => stdClass Object
                        (
                            [status] => disabled
                        )

                    [fingerprint] => ihzQyItv3SUHCACf
                    [funding] => credit
                    [incremental_authorization] => stdClass Object
                        (
                            [status] => unavailable
                        )

                    [installments] => 
                    [last4] => 1111
                    [mandate] => 
                    [multicapture] => stdClass Object
                        (
                            [status] => unavailable
                        )

                    [network] => visa
                    [network_token] => stdClass Object
                        (
                            [used] => 
                        )

                    [overcapture] => stdClass Object
                        (
                            [maximum_amount_capturable] => 2200
                            [status] => unavailable
                        )

                    [three_d_secure] => 
                    [wallet] => 
                )

            [type] => card
        )

    [radar_options] => stdClass Object
        (
        )

    [receipt_email] => 
    [receipt_number] => 
    [receipt_url] => https://pay.stripe.com/receipts/payment/CAcaFwoVYWNjdF8xUEVaME1CMkRPVHZxM1hNKOrw6bgGMgb6rtVygsw6LBZ48-P6zq0z8zNZ6OI_oTNvNctcmk8XOebUwyAuMyk0G--8vXDxLm8IrnXB
    [refunded] => 
    [review] => 
    [shipping] => 
    [source] => 
    [source_transfer] => 
    [statement_descriptor] => 
    [statement_descriptor_suffix] => 
    [status] => succeeded
    [transfer_data] => 
    [transfer_group] => 
)

====End Log====

2024-10-24T16:40:11+00:00 DEBUG 
====Stripe Version: 8.6.1====
====Stripe Plugin API Version: 2024-06-20====
====Start Log====
balance/history/txn_3QDU4xB2DOTvq3XM06RFB3XD
====End Log====

2024-10-24T16:42:34+00:00 DEBUG 
====Stripe Version: 8.6.1====
====Stripe Plugin API Version: 2024-06-20====
====Start Log====
payment_methods request: Array
(
    [customer] => cus_R5fPtzHEt6y074
    [type] => card
    [limit] => 100
)

====End Log====

2024-10-24T16:42:34+00:00 DEBUG 
====Stripe Version: 8.6.1====
====Stripe Plugin API Version: 2024-06-20====
====Start Log====
payment_methods response with stripe-version: 2024-06-20
====End Log====

2024-10-24T16:42:45+00:00 DEBUG 
====Stripe Version: 8.6.1====
====Stripe Plugin API Version: 2024-06-20====
====Start Log====
payment_methods/pm_1QDU4rB2DOTvq3XMczIdtvij
====End Log====

2024-10-24T16:42:46+00:00 DEBUG 
====Stripe Version: 8.6.1====
====Stripe Plugin API Version: 2024-06-20====
====Start Log====
payment_methods/pm_1QDU4rB2DOTvq3XMczIdtvij
====End Log====

2024-10-24T16:42:46+00:00 DEBUG 
====Stripe Version: 8.6.1====
====Stripe Plugin API Version: 2024-06-20====
====Start Log====
payment_methods/pm_1QDU4rB2DOTvq3XMczIdtvij request: Array
(
    [billing_details] => Array
        (
            [address] => Array
                (
                    [city] => Philadelphia
                    [country] => US
                    [line1] => 1200 Brickell Bay Drive
                    [line2] => 
                    [postal_code] => 19107
                    [state] => PA
                )

            [email] => appstechydev@gmail.com
            [name] => Abhinav Grover
        )

)

====End Log====

2024-10-24T16:42:46+00:00 DEBUG 
====Stripe Version: 8.6.1====
====Stripe Plugin API Version: 2024-06-20====
====Start Log====
payment_methods/pm_1QDU4rB2DOTvq3XMczIdtvij response with stripe-version: 2024-06-20
====End Log====

2024-10-24T16:42:46+00:00 DEBUG 
====Stripe Version: 8.6.1====
====Stripe Plugin API Version: 2024-06-20====
====Start Log====
payment_intents request: Array
(
    [capture_method] => automatic
    [payment_method] => pm_1QDU4rB2DOTvq3XMczIdtvij
    [shipping] => 
    [amount] => 3400
    [confirm] => true
    [currency] => usd
    [customer] => cus_R5fPtzHEt6y074
    [description] => Relish - Order 492
    [metadata] => Array
        (
            [customer_name] => Abhinav Grover
            [customer_email] => appstechydev@gmail.com
            [site_url] => https://relish.appstechy.com
            [order_id] => 492
            [order_key] => wc_order_spOvfnXWqq5UR
            [payment_type] => single
        )

    [payment_method_types] => Array
        (
            [0] => card
        )

    [payment_method_options] => Array
        (
        )

    [level3] => Array
        (
            [merchant_reference] => 492
            [shipping_amount] => 0
            [line_items] => Array
                (
                    [0] => stdClass Object
                        (
                            [product_code] => 378
                            [product_description] => Bulgogi Rice Dish
                            [unit_cost] => 1200
                            [quantity] => 1
                            [tax_amount] => 0
                            [discount_amount] => 0
                        )

                    [1] => stdClass Object
                        (
                            [product_code] => 389
                            [product_description] => Pork Rice Dish - Spicy
                            [unit_cost] => 1100
                            [quantity] => 1
                            [tax_amount] => 0
                            [discount_amount] => 0
                        )

                    [2] => stdClass Object
                        (
                            [product_code] => 388
                            [product_description] => Pork Rice Dish - Galbi
                            [unit_cost] => 1100
                            [quantity] => 1
                            [tax_amount] => 0
                            [discount_amount] => 0
                        )

                )

        )

)

====End Log====

2024-10-24T16:42:48+00:00 DEBUG 
====Stripe Version: 8.6.1====
====Stripe Plugin API Version: 2024-06-20====
====Start Log====
payment_intents response with stripe-version: 2024-06-20
====End Log====

2024-10-24T16:42:48+00:00 DEBUG 
====Stripe Version: 8.6.1====
====Stripe Plugin API Version: 2024-06-20====
====Start Log====
charges/ch_3QDU7XB2DOTvq3XM1mKLRalD request: Array
(
)

====End Log====

2024-10-24T16:42:48+00:00 DEBUG 
====Stripe Version: 8.6.1====
====Stripe Plugin API Version: 2024-06-20====
====Start Log====
charges/ch_3QDU7XB2DOTvq3XM1mKLRalD response with stripe-version: 2024-06-20
====End Log====

2024-10-24T16:42:49+00:00 DEBUG 
====Stripe Version: 8.6.1====
====Stripe Plugin API Version: 2024-06-20====
====Start Log====
charges/ch_3QDU7XB2DOTvq3XM1mKLRalD request: Array
(
)

====End Log====

2024-10-24T16:42:49+00:00 DEBUG 
====Stripe Version: 8.6.1====
====Stripe Plugin API Version: 2024-06-20====
====Start Log====
Could not find order via charge ID: ch_3QDU7XB2DOTvq3XM1mKLRalD
====End Log====

2024-10-24T16:42:49+00:00 DEBUG 
====Stripe Version: 8.6.1====
====Stripe Plugin API Version: 2024-06-20====
====Start Log====
charges/ch_3QDU7XB2DOTvq3XM1mKLRalD response with stripe-version: 2024-06-20
====End Log====

2024-10-24T16:42:49+00:00 DEBUG 
====Stripe Version: 8.6.1====
====Stripe Plugin API Version: 2024-06-20====
====Start Log====
Processing response: stdClass Object
(
    [id] => ch_3QDU7XB2DOTvq3XM1mKLRalD
    [object] => charge
    [amount] => 3400
    [amount_captured] => 3400
    [amount_refunded] => 0
    [application] => ca_BC3QunyBFJIQULdxege9Gyg8WjKI1vXD
    [application_fee] => 
    [application_fee_amount] => 
    [balance_transaction] => txn_3QDU7XB2DOTvq3XM1gmNuZya
    [billing_details] => stdClass Object
        (
            [address] => stdClass Object
                (
                    [city] => Philadelphia
                    [country] => US
                    [line1] => 1200 Brickell Bay Drive
                    [line2] => 
                    [postal_code] => 19107
                    [state] => PA
                )

            [email] => appstechydev@gmail.com
            [name] => Abhinav Grover
            [phone] => 
        )

    [calculated_statement_descriptor] => RELISH MEALS, LLC
    [captured] => 1
    [created] => 1729788167
    [currency] => usd
    [customer] => cus_R5fPtzHEt6y074
    [description] => Relish - Order 492
    [destination] => 
    [dispute] => 
    [disputed] => 
    [failure_balance_transaction] => 
    [failure_code] => 
    [failure_message] => 
    [fraud_details] => stdClass Object
        (
        )

    [invoice] => 
    [level3] => stdClass Object
        (
            [line_items] => Array
                (
                    [0] => stdClass Object
                        (
                            [discount_amount] => 0
                            [product_code] => 378
                            [product_description] => Bulgogi Rice Dish
                            [quantity] => 1
                            [tax_amount] => 0
                            [unit_cost] => 1200
                        )

                    [1] => stdClass Object
                        (
                            [discount_amount] => 0
                            [product_code] => 389
                            [product_description] => Pork Rice Dish - Spicy
                            [quantity] => 1
                            [tax_amount] => 0
                            [unit_cost] => 1100
                        )

                    [2] => stdClass Object
                        (
                            [discount_amount] => 0
                            [product_code] => 388
                            [product_description] => Pork Rice Dish - Galbi
                            [quantity] => 1
                            [tax_amount] => 0
                            [unit_cost] => 1100
                        )

                )

            [merchant_reference] => 492
            [shipping_amount] => 0
        )

    [livemode] => 
    [metadata] => stdClass Object
        (
            [customer_email] => appstechydev@gmail.com
            [customer_name] => Abhinav Grover
            [order_id] => 492
            [order_key] => wc_order_spOvfnXWqq5UR
            [payment_type] => single
            [site_url] => https://relish.appstechy.com
        )

    [on_behalf_of] => 
    [order] => 
    [outcome] => stdClass Object
        (
            [network_status] => approved_by_network
            [reason] => 
            [risk_level] => normal
            [risk_score] => 20
            [seller_message] => Payment complete.
            [type] => authorized
        )

    [paid] => 1
    [payment_intent] => pi_3QDU7XB2DOTvq3XM1xGFITvy
    [payment_method] => pm_1QDU4rB2DOTvq3XMczIdtvij
    [payment_method_details] => stdClass Object
        (
            [card] => stdClass Object
                (
                    [amount_authorized] => 3400
                    [authorization_code] => 
                    [brand] => visa
                    [checks] => stdClass Object
                        (
                            [address_line1_check] => pass
                            [address_postal_code_check] => pass
                            [cvc_check] => pass
                        )

                    [country] => US
                    [exp_month] => 12
                    [exp_year] => 2024
                    [extended_authorization] => stdClass Object
                        (
                            [status] => disabled
                        )

                    [fingerprint] => ihzQyItv3SUHCACf
                    [funding] => credit
                    [incremental_authorization] => stdClass Object
                        (
                            [status] => unavailable
                        )

                    [installments] => 
                    [last4] => 1111
                    [mandate] => 
                    [multicapture] => stdClass Object
                        (
                            [status] => unavailable
                        )

                    [network] => visa
                    [network_token] => stdClass Object
                        (
                            [used] => 
                        )

                    [overcapture] => stdClass Object
                        (
                            [maximum_amount_capturable] => 3400
                            [status] => unavailable
                        )

                    [three_d_secure] => 
                    [wallet] => 
                )

            [type] => card
        )

    [radar_options] => stdClass Object
        (
        )

    [receipt_email] => 
    [receipt_number] => 
    [receipt_url] => https://pay.stripe.com/receipts/payment/CAcaFwoVYWNjdF8xUEVaME1CMkRPVHZxM1hNKIny6bgGMgZHRYqj7qw6LBaDSTzY2TGt3ciI9bPb-Y7O-9DXudHwFm3qYo8KAiawniJWEuiQdwZVmUDl
    [refunded] => 
    [review] => 
    [shipping] => 
    [source] => 
    [source_transfer] => 
    [statement_descriptor] => 
    [statement_descriptor_suffix] => 
    [status] => succeeded
    [transfer_data] => 
    [transfer_group] => 
)

====End Log====

2024-10-24T16:42:49+00:00 DEBUG 
====Stripe Version: 8.6.1====
====Stripe Plugin API Version: 2024-06-20====
====Start Log====
balance/history/txn_3QDU7XB2DOTvq3XM1gmNuZya
====End Log====

2024-10-24T16:44:25+00:00 DEBUG 
====Stripe Version: 8.6.1====
====Stripe Plugin API Version: 2024-06-20====
====Start Log====
account
====End Log====

2024-10-24T16:44:25+00:00 DEBUG 
====Stripe Version: 8.6.1====
====Stripe Plugin API Version: 2024-06-20====
====Start Log====
account
====End Log====

2024-10-24T16:44:26+00:00 DEBUG 
====Stripe Version: 8.6.1====
====Stripe Plugin API Version: 2024-06-20====
====Start Log====
account
====End Log====

2024-10-24T16:44:26+00:00 DEBUG 
====Stripe Version: 8.6.1====
====Stripe Plugin API Version: 2024-06-20====
====Start Log====
account
====End Log====

2024-10-24T16:44:27+00:00 DEBUG 
====Stripe Version: 8.6.1====
====Stripe Plugin API Version: 2024-06-20====
====Start Log====
account
====End Log====

2024-10-24T16:44:28+00:00 DEBUG 
====Stripe Version: 8.6.1====
====Stripe Plugin API Version: 2024-06-20====
====Start Log====
account
====End Log====

2024-10-24T16:44:28+00:00 DEBUG 
====Stripe Version: 8.6.1====
====Stripe Plugin API Version: 2024-06-20====
====Start Log====
account
====End Log====

2024-10-24T16:44:29+00:00 DEBUG 
====Stripe Version: 8.6.1====
====Stripe Plugin API Version: 2024-06-20====
====Start Log====
account
====End Log====

2024-10-24T16:44:30+00:00 DEBUG 
====Stripe Version: 8.6.1====
====Stripe Plugin API Version: 2024-06-20====
====Start Log====
account
====End Log====

