2024-11-04T03:48:48+00:00 DEBUG 
====Stripe Version: 8.6.1====
====Stripe Plugin API Version: 2024-06-20====
====Start Log====
account
====End Log====

2024-11-04T09:00:21+00:00 DEBUG 
====Stripe Version: 8.6.1====
====Stripe Plugin API Version: 2024-06-20====
====Start Log====
account
====End Log====

2024-11-04T13:31:06+00:00 DEBUG 
====Stripe Version: 8.6.1====
====Stripe Plugin API Version: 2024-06-20====
====Start Log====
account
====End Log====

2024-11-04T15:35:22+00:00 DEBUG 
====Stripe Version: 8.6.1====
====Stripe Plugin API Version: 2024-06-20====
====Start Log====
account
====End Log====

2024-11-04T17:42:47+00:00 DEBUG 
====Stripe Version: 8.6.1====
====Stripe Plugin API Version: 2024-06-20====
====Start Log====
account
====End Log====

