2024-10-25T00:34:42+00:00 DEBUG 
====Stripe Version: 8.6.1====
====Stripe Plugin API Version: 2024-06-20====
====Start Log====
account
====End Log====

2024-10-25T03:04:18+00:00 DEBUG 
====Stripe Version: 8.6.1====
====Stripe Plugin API Version: 2024-06-20====
====Start Log====
account
====End Log====

2024-10-25T05:04:38+00:00 DEBUG 
====Stripe Version: 8.6.1====
====Stripe Plugin API Version: 2024-06-20====
====Start Log====
account
====End Log====

2024-10-25T05:04:38+00:00 DEBUG 
====Stripe Version: 8.6.1====
====Stripe Plugin API Version: 2024-06-20====
====Start Log====
account
====End Log====

2024-10-25T05:04:39+00:00 DEBUG 
====Stripe Version: 8.6.1====
====Stripe Plugin API Version: 2024-06-20====
====Start Log====
account
====End Log====

2024-10-25T05:04:40+00:00 DEBUG 
====Stripe Version: 8.6.1====
====Stripe Plugin API Version: 2024-06-20====
====Start Log====
account
====End Log====

2024-10-25T05:04:40+00:00 DEBUG 
====Stripe Version: 8.6.1====
====Stripe Plugin API Version: 2024-06-20====
====Start Log====
account
====End Log====

2024-10-25T05:04:41+00:00 DEBUG 
====Stripe Version: 8.6.1====
====Stripe Plugin API Version: 2024-06-20====
====Start Log====
account
====End Log====

2024-10-25T05:04:41+00:00 DEBUG 
====Stripe Version: 8.6.1====
====Stripe Plugin API Version: 2024-06-20====
====Start Log====
account
====End Log====

2024-10-25T05:04:42+00:00 DEBUG 
====Stripe Version: 8.6.1====
====Stripe Plugin API Version: 2024-06-20====
====Start Log====
account
====End Log====

2024-10-25T05:04:42+00:00 DEBUG 
====Stripe Version: 8.6.1====
====Stripe Plugin API Version: 2024-06-20====
====Start Log====
account
====End Log====

2024-10-25T08:37:51+00:00 DEBUG 
====Stripe Version: 8.6.1====
====Stripe Plugin API Version: 2024-06-20====
====Start Log====
account
====End Log====

2024-10-25T10:44:14+00:00 DEBUG 
====Stripe Version: 8.6.1====
====Stripe Plugin API Version: 2024-06-20====
====Start Log====
account
====End Log====

2024-10-25T10:44:15+00:00 DEBUG 
====Stripe Version: 8.6.1====
====Stripe Plugin API Version: 2024-06-20====
====Start Log====
account
====End Log====

2024-10-25T10:44:15+00:00 DEBUG 
====Stripe Version: 8.6.1====
====Stripe Plugin API Version: 2024-06-20====
====Start Log====
account
====End Log====

2024-10-25T10:44:16+00:00 DEBUG 
====Stripe Version: 8.6.1====
====Stripe Plugin API Version: 2024-06-20====
====Start Log====
account
====End Log====

2024-10-25T10:44:16+00:00 DEBUG 
====Stripe Version: 8.6.1====
====Stripe Plugin API Version: 2024-06-20====
====Start Log====
account
====End Log====

2024-10-25T10:44:17+00:00 DEBUG 
====Stripe Version: 8.6.1====
====Stripe Plugin API Version: 2024-06-20====
====Start Log====
account
====End Log====

2024-10-25T10:44:17+00:00 DEBUG 
====Stripe Version: 8.6.1====
====Stripe Plugin API Version: 2024-06-20====
====Start Log====
account
====End Log====

2024-10-25T10:44:18+00:00 DEBUG 
====Stripe Version: 8.6.1====
====Stripe Plugin API Version: 2024-06-20====
====Start Log====
account
====End Log====

2024-10-25T10:44:18+00:00 DEBUG 
====Stripe Version: 8.6.1====
====Stripe Plugin API Version: 2024-06-20====
====Start Log====
account
====End Log====

2024-10-25T12:47:11+00:00 DEBUG 
====Stripe Version: 8.6.1====
====Stripe Plugin API Version: 2024-06-20====
====Start Log====
account
====End Log====

2024-10-25T12:47:11+00:00 DEBUG 
====Stripe Version: 8.6.1====
====Stripe Plugin API Version: 2024-06-20====
====Start Log====
account
====End Log====

2024-10-25T12:47:12+00:00 DEBUG 
====Stripe Version: 8.6.1====
====Stripe Plugin API Version: 2024-06-20====
====Start Log====
account
====End Log====

2024-10-25T12:47:12+00:00 DEBUG 
====Stripe Version: 8.6.1====
====Stripe Plugin API Version: 2024-06-20====
====Start Log====
account
====End Log====

2024-10-25T12:47:13+00:00 DEBUG 
====Stripe Version: 8.6.1====
====Stripe Plugin API Version: 2024-06-20====
====Start Log====
account
====End Log====

2024-10-25T12:47:13+00:00 DEBUG 
====Stripe Version: 8.6.1====
====Stripe Plugin API Version: 2024-06-20====
====Start Log====
account
====End Log====

2024-10-25T12:47:14+00:00 DEBUG 
====Stripe Version: 8.6.1====
====Stripe Plugin API Version: 2024-06-20====
====Start Log====
account
====End Log====

2024-10-25T12:47:14+00:00 DEBUG 
====Stripe Version: 8.6.1====
====Stripe Plugin API Version: 2024-06-20====
====Start Log====
account
====End Log====

2024-10-25T12:47:15+00:00 DEBUG 
====Stripe Version: 8.6.1====
====Stripe Plugin API Version: 2024-06-20====
====Start Log====
account
====End Log====

2024-10-25T12:51:15+00:00 DEBUG 
====Stripe Version: 8.6.1====
====Stripe Plugin API Version: 2024-06-20====
====Start Log====
payment_methods/pm_1QDU4rB2DOTvq3XMczIdtvij
====End Log====

2024-10-25T12:51:15+00:00 DEBUG 
====Stripe Version: 8.6.1====
====Stripe Plugin API Version: 2024-06-20====
====Start Log====
payment_methods/pm_1QDU4rB2DOTvq3XMczIdtvij
====End Log====

2024-10-25T12:51:15+00:00 DEBUG 
====Stripe Version: 8.6.1====
====Stripe Plugin API Version: 2024-06-20====
====Start Log====
payment_methods/pm_1QDU4rB2DOTvq3XMczIdtvij request: Array
(
    [billing_details] => Array
        (
            [address] => Array
                (
                    [city] => Philadelphia
                    [country] => US
                    [line1] => 1200 Brickell Bay Drive
                    [line2] => 
                    [postal_code] => 19107
                    [state] => PA
                )

            [email] => appstechydev@gmail.com
            [name] => Abhinav Grover
        )

)

====End Log====

2024-10-25T12:51:16+00:00 DEBUG 
====Stripe Version: 8.6.1====
====Stripe Plugin API Version: 2024-06-20====
====Start Log====
payment_methods/pm_1QDU4rB2DOTvq3XMczIdtvij response with stripe-version: 2024-06-20
====End Log====

2024-10-25T12:51:16+00:00 DEBUG 
====Stripe Version: 8.6.1====
====Stripe Plugin API Version: 2024-06-20====
====Start Log====
payment_intents request: Array
(
    [capture_method] => automatic
    [payment_method] => pm_1QDU4rB2DOTvq3XMczIdtvij
    [shipping] => 
    [amount] => 6600
    [confirm] => true
    [currency] => usd
    [customer] => cus_R5fPtzHEt6y074
    [description] => Relish - Order 493
    [metadata] => Array
        (
            [customer_name] => Abhinav Grover
            [customer_email] => appstechydev@gmail.com
            [site_url] => https://relish.appstechy.com
            [order_id] => 493
            [order_key] => wc_order_GRLpTY5RpWucP
            [payment_type] => single
        )

    [payment_method_types] => Array
        (
            [0] => card
        )

    [payment_method_options] => Array
        (
        )

    [level3] => Array
        (
            [merchant_reference] => 493
            [shipping_amount] => 0
            [line_items] => Array
                (
                    [0] => stdClass Object
                        (
                            [product_code] => 382
                            [product_description] => Chicken Rice Dish - Galbi
                            [unit_cost] => 1100
                            [quantity] => 1
                            [tax_amount] => 0
                            [discount_amount] => 0
                        )

                    [1] => stdClass Object
                        (
                            [product_code] => 388
                            [product_description] => Pork Rice Dish - Galbi
                            [unit_cost] => 1100
                            [quantity] => 5
                            [tax_amount] => 0
                            [discount_amount] => 0
                        )

                )

        )

)

====End Log====

2024-10-25T12:51:17+00:00 DEBUG 
====Stripe Version: 8.6.1====
====Stripe Plugin API Version: 2024-06-20====
====Start Log====
payment_intents response with stripe-version: 2024-06-20
====End Log====

2024-10-25T12:51:17+00:00 DEBUG 
====Stripe Version: 8.6.1====
====Stripe Plugin API Version: 2024-06-20====
====Start Log====
charges/ch_3QDmz2B2DOTvq3XM1kuVw3ch request: Array
(
)

====End Log====

2024-10-25T12:51:17+00:00 DEBUG 
====Stripe Version: 8.6.1====
====Stripe Plugin API Version: 2024-06-20====
====Start Log====
charges/ch_3QDmz2B2DOTvq3XM1kuVw3ch response with stripe-version: 2024-06-20
====End Log====

2024-10-25T12:51:17+00:00 DEBUG 
====Stripe Version: 8.6.1====
====Stripe Plugin API Version: 2024-06-20====
====Start Log====
charges/ch_3QDmz2B2DOTvq3XM1kuVw3ch request: Array
(
)

====End Log====

2024-10-25T12:51:18+00:00 DEBUG 
====Stripe Version: 8.6.1====
====Stripe Plugin API Version: 2024-06-20====
====Start Log====
charges/ch_3QDmz2B2DOTvq3XM1kuVw3ch response with stripe-version: 2024-06-20
====End Log====

2024-10-25T12:51:18+00:00 DEBUG 
====Stripe Version: 8.6.1====
====Stripe Plugin API Version: 2024-06-20====
====Start Log====
Processing response: stdClass Object
(
    [id] => ch_3QDmz2B2DOTvq3XM1kuVw3ch
    [object] => charge
    [amount] => 6600
    [amount_captured] => 6600
    [amount_refunded] => 0
    [application] => ca_BC3QunyBFJIQULdxege9Gyg8WjKI1vXD
    [application_fee] => 
    [application_fee_amount] => 
    [balance_transaction] => txn_3QDmz2B2DOTvq3XM1AUNlGoR
    [billing_details] => stdClass Object
        (
            [address] => stdClass Object
                (
                    [city] => Philadelphia
                    [country] => US
                    [line1] => 1200 Brickell Bay Drive
                    [line2] => 
                    [postal_code] => 19107
                    [state] => PA
                )

            [email] => appstechydev@gmail.com
            [name] => Abhinav Grover
            [phone] => 
        )

    [calculated_statement_descriptor] => RELISH MEALS, LLC
    [captured] => 1
    [created] => 1729860676
    [currency] => usd
    [customer] => cus_R5fPtzHEt6y074
    [description] => Relish - Order 493
    [destination] => 
    [dispute] => 
    [disputed] => 
    [failure_balance_transaction] => 
    [failure_code] => 
    [failure_message] => 
    [fraud_details] => stdClass Object
        (
        )

    [invoice] => 
    [level3] => stdClass Object
        (
            [line_items] => Array
                (
                    [0] => stdClass Object
                        (
                            [discount_amount] => 0
                            [product_code] => 382
                            [product_description] => Chicken Rice Dish - Galbi
                            [quantity] => 1
                            [tax_amount] => 0
                            [unit_cost] => 1100
                        )

                    [1] => stdClass Object
                        (
                            [discount_amount] => 0
                            [product_code] => 388
                            [product_description] => Pork Rice Dish - Galbi
                            [quantity] => 5
                            [tax_amount] => 0
                            [unit_cost] => 1100
                        )

                )

            [merchant_reference] => 493
            [shipping_amount] => 0
        )

    [livemode] => 
    [metadata] => stdClass Object
        (
            [customer_email] => appstechydev@gmail.com
            [customer_name] => Abhinav Grover
            [order_id] => 493
            [order_key] => wc_order_GRLpTY5RpWucP
            [payment_type] => single
            [site_url] => https://relish.appstechy.com
        )

    [on_behalf_of] => 
    [order] => 
    [outcome] => stdClass Object
        (
            [network_status] => approved_by_network
            [reason] => 
            [risk_level] => normal
            [risk_score] => 51
            [seller_message] => Payment complete.
            [type] => authorized
        )

    [paid] => 1
    [payment_intent] => pi_3QDmz2B2DOTvq3XM1V7XrJZZ
    [payment_method] => pm_1QDU4rB2DOTvq3XMczIdtvij
    [payment_method_details] => stdClass Object
        (
            [card] => stdClass Object
                (
                    [amount_authorized] => 6600
                    [authorization_code] => 
                    [brand] => visa
                    [checks] => stdClass Object
                        (
                            [address_line1_check] => pass
                            [address_postal_code_check] => pass
                            [cvc_check] => 
                        )

                    [country] => US
                    [exp_month] => 12
                    [exp_year] => 2024
                    [extended_authorization] => stdClass Object
                        (
                            [status] => disabled
                        )

                    [fingerprint] => ihzQyItv3SUHCACf
                    [funding] => credit
                    [incremental_authorization] => stdClass Object
                        (
                            [status] => unavailable
                        )

                    [installments] => 
                    [last4] => 1111
                    [mandate] => 
                    [multicapture] => stdClass Object
                        (
                            [status] => unavailable
                        )

                    [network] => visa
                    [network_token] => stdClass Object
                        (
                            [used] => 
                        )

                    [overcapture] => stdClass Object
                        (
                            [maximum_amount_capturable] => 6600
                            [status] => unavailable
                        )

                    [three_d_secure] => 
                    [wallet] => 
                )

            [type] => card
        )

    [radar_options] => stdClass Object
        (
        )

    [receipt_email] => 
    [receipt_number] => 
    [receipt_url] => https://pay.stripe.com/receipts/payment/CAcaFwoVYWNjdF8xUEVaME1CMkRPVHZxM1hNKMWo7rgGMgbnjGQZeEk6LBbrYcbNX4lyLXZe3oodYmfTDlQ_XVWMmPV9nJyyCJqgM15f0ZXqrQwwG0bQ
    [refunded] => 
    [review] => 
    [shipping] => 
    [source] => 
    [source_transfer] => 
    [statement_descriptor] => 
    [statement_descriptor_suffix] => 
    [status] => succeeded
    [transfer_data] => 
    [transfer_group] => 
)

====End Log====

2024-10-25T12:51:18+00:00 DEBUG 
====Stripe Version: 8.6.1====
====Stripe Plugin API Version: 2024-06-20====
====Start Log====
balance/history/txn_3QDmz2B2DOTvq3XM1AUNlGoR
====End Log====

2024-10-25T12:51:18+00:00 DEBUG 
====Stripe Version: 8.6.1====
====Stripe Plugin API Version: 2024-06-20====
====Start Log====
Could not find order via charge ID: ch_3QDmz2B2DOTvq3XM1kuVw3ch
====End Log====

2024-10-25T13:02:12+00:00 DEBUG 
====Stripe Version: 8.6.1====
====Stripe Plugin API Version: 2024-06-20====
====Start Log====
payment_methods/pm_1QDn9bB2DOTvq3XMNS4vyn0y
====End Log====

2024-10-25T13:02:12+00:00 DEBUG 
====Stripe Version: 8.6.1====
====Stripe Plugin API Version: 2024-06-20====
====Start Log====
customers request: Array
(
    [email] => jxconcepts1@gmail.com
    [description] => Name: Jae Chung, Username: jaechung
    [name] => Jae Chung
    [metadata] => Array
        (
        )

    [preferred_locales] => Array
        (
            [0] => en-US
        )

    [address] => Array
        (
            [line1] => 901 N Penn St
            [line2] => Unit R1306
            [postal_code] => 19107
            [city] => Philadelphia
            [state] => PA
            [country] => US
        )

)

====End Log====

2024-10-25T13:02:13+00:00 DEBUG 
====Stripe Version: 8.6.1====
====Stripe Plugin API Version: 2024-06-20====
====Start Log====
customers response with stripe-version: 2024-06-20
====End Log====

2024-10-25T13:02:13+00:00 DEBUG 
====Stripe Version: 8.6.1====
====Stripe Plugin API Version: 2024-06-20====
====Start Log====
payment_methods/pm_1QDn9bB2DOTvq3XMNS4vyn0y
====End Log====

2024-10-25T13:02:13+00:00 DEBUG 
====Stripe Version: 8.6.1====
====Stripe Plugin API Version: 2024-06-20====
====Start Log====
payment_intents request: Array
(
    [capture_method] => automatic
    [payment_method] => pm_1QDn9bB2DOTvq3XMNS4vyn0y
    [shipping] => 
    [amount] => 1100
    [confirm] => true
    [currency] => usd
    [customer] => cus_R5z7RINZjiFEUQ
    [description] => Relish - Order 494
    [metadata] => Array
        (
            [customer_name] => Jae Chung
            [customer_email] => jxconcepts1@gmail.com
            [site_url] => https://relish.appstechy.com
            [order_id] => 494
            [order_key] => wc_order_9mHGeEPYkeZ9c
            [payment_type] => single
        )

    [payment_method_types] => Array
        (
            [0] => card
        )

    [payment_method_options] => Array
        (
        )

    [level3] => Array
        (
            [merchant_reference] => 494
            [shipping_amount] => 0
            [line_items] => Array
                (
                    [0] => stdClass Object
                        (
                            [product_code] => 382
                            [product_description] => Chicken Rice Dish - Galbi
                            [unit_cost] => 1100
                            [quantity] => 1
                            [tax_amount] => 0
                            [discount_amount] => 0
                        )

                )

        )

)

====End Log====

2024-10-25T13:02:14+00:00 DEBUG 
====Stripe Version: 8.6.1====
====Stripe Plugin API Version: 2024-06-20====
====Start Log====
payment_intents response with stripe-version: 2024-06-20
====End Log====

2024-10-25T13:02:14+00:00 DEBUG 
====Stripe Version: 8.6.1====
====Stripe Plugin API Version: 2024-06-20====
====Start Log====
charges/ch_3QDn9dB2DOTvq3XM1xRmbt9G request: Array
(
)

====End Log====

2024-10-25T13:02:14+00:00 DEBUG 
====Stripe Version: 8.6.1====
====Stripe Plugin API Version: 2024-06-20====
====Start Log====
charges/ch_3QDn9dB2DOTvq3XM1xRmbt9G response with stripe-version: 2024-06-20
====End Log====

2024-10-25T13:02:14+00:00 DEBUG 
====Stripe Version: 8.6.1====
====Stripe Plugin API Version: 2024-06-20====
====Start Log====
Error: stdClass Object
(
    [error] => stdClass Object
        (
            [charge] => ch_3QDn9dB2DOTvq3XM1xRmbt9G
            [code] => card_declined
            [decline_code] => test_mode_live_card
            [doc_url] => https://stripe.com/docs/error-codes/card-declined
            [message] => Your card was declined. Your request was in test mode, but used a non test (live) card. For a list of valid test cards, visit: https://stripe.com/docs/testing.
            [payment_intent] => stdClass Object
                (
                    [id] => pi_3QDn9dB2DOTvq3XM1F2MeN1z
                    [object] => payment_intent
                    [amount] => 1100
                    [amount_capturable] => 0
                    [amount_details] => stdClass Object
                        (
                            [tip] => stdClass Object
                                (
                                )

                        )

                    [amount_received] => 0
                    [application] => ca_BC3QunyBFJIQULdxege9Gyg8WjKI1vXD
                    [application_fee_amount] => 
                    [automatic_payment_methods] => 
                    [canceled_at] => 
                    [cancellation_reason] => 
                    [capture_method] => automatic
                    [client_secret] => pi_3QDn9dB2DOTvq3XM1F2MeN1z_secret_fiPmodY8COURPjBBzDbNJcPbX
                    [confirmation_method] => automatic
                    [created] => 1729861333
                    [currency] => usd
                    [customer] => cus_R5z7RINZjiFEUQ
                    [description] => Relish - Order 494
                    [invoice] => 
                    [last_payment_error] => stdClass Object
                        (
                            [charge] => ch_3QDn9dB2DOTvq3XM1xRmbt9G
                            [code] => card_declined
                            [decline_code] => test_mode_live_card
                            [doc_url] => https://stripe.com/docs/error-codes/card-declined
                            [message] => Your card was declined. Your request was in test mode, but used a non test (live) card. For a list of valid test cards, visit: https://stripe.com/docs/testing.
                            [payment_method] => stdClass Object
                                (
                                    [id] => pm_1QDn9bB2DOTvq3XMNS4vyn0y
                                    [object] => payment_method
                                    [allow_redisplay] => unspecified
                                    [billing_details] => stdClass Object
                                        (
                                            [address] => stdClass Object
                                                (
                                                    [city] => Philadelphia
                                                    [country] => US
                                                    [line1] => 901 N Penn St
                                                    [line2] => Unit R1306
                                                    [postal_code] => 19107
                                                    [state] => PA
                                                )

                                            [email] => jxconcepts1@gmail.com
                                            [name] => Jae Chung
                                            [phone] => 
                                        )

                                    [card] => stdClass Object
                                        (
                                            [brand] => mastercard
                                            [checks] => stdClass Object
                                                (
                                                    [address_line1_check] => unchecked
                                                    [address_postal_code_check] => unchecked
                                                    [cvc_check] => unchecked
                                                )

                                            [country] => US
                                            [display_brand] => mastercard
                                            [exp_month] => 6
                                            [exp_year] => 2030
                                            [fingerprint] => eczd9yHjJVWDYCA2
                                            [funding] => debit
                                            [generated_from] => 
                                            [last4] => 3645
                                            [networks] => stdClass Object
                                                (
                                                    [available] => Array
                                                        (
                                                            [0] => mastercard
                                                        )

                                                    [preferred] => 
                                                )

                                            [three_d_secure_usage] => stdClass Object
                                                (
                                                    [supported] => 1
                                                )

                                            [wallet] => 
                                        )

                                    [created] => 1729861331
                                    [customer] => 
                                    [livemode] => 
                                    [metadata] => stdClass Object
                                        (
                                        )

                                    [radar_options] => stdClass Object
                                        (
                                        )

                                    [type] => card
                                )

                            [type] => card_error
                        )

                    [latest_charge] => ch_3QDn9dB2DOTvq3XM1xRmbt9G
                    [level3] => stdClass Object
                        (
                            [line_items] => Array
                                (
                                    [0] => stdClass Object
                                        (
                                            [discount_amount] => 0
                                            [product_code] => 382
                                            [product_description] => Chicken Rice Dish - Galbi
                                            [quantity] => 1
                                            [tax_amount] => 0
                                            [unit_cost] => 1100
                                        )

                                )

                            [merchant_reference] => 494
                            [shipping_amount] => 0
                        )

                    [livemode] => 
                    [metadata] => stdClass Object
                        (
                            [order_key] => wc_order_9mHGeEPYkeZ9c
                            [site_url] => https://relish.appstechy.com
                            [order_id] => 494
                            [customer_email] => jxconcepts1@gmail.com
                            [payment_type] => single
                            [customer_name] => Jae Chung
                        )

                    [next_action] => 
                    [on_behalf_of] => 
                    [payment_method] => 
                    [payment_method_configuration_details] => 
                    [payment_method_options] => stdClass Object
                        (
                            [card] => stdClass Object
                                (
                                    [installments] => 
                                    [mandate_options] => 
                                    [network] => 
                                    [request_three_d_secure] => automatic
                                )

                        )

                    [payment_method_types] => Array
                        (
                            [0] => card
                        )

                    [processing] => 
                    [receipt_email] => 
                    [review] => 
                    [setup_future_usage] => 
                    [shipping] => 
                    [source] => 
                    [statement_descriptor] => 
                    [statement_descriptor_suffix] => 
                    [status] => requires_payment_method
                    [transfer_data] => 
                    [transfer_group] => 
                )

            [payment_method] => stdClass Object
                (
                    [id] => pm_1QDn9bB2DOTvq3XMNS4vyn0y
                    [object] => payment_method
                    [allow_redisplay] => unspecified
                    [billing_details] => stdClass Object
                        (
                            [address] => stdClass Object
                                (
                                    [city] => Philadelphia
                                    [country] => US
                                    [line1] => 901 N Penn St
                                    [line2] => Unit R1306
                                    [postal_code] => 19107
                                    [state] => PA
                                )

                            [email] => jxconcepts1@gmail.com
                            [name] => Jae Chung
                            [phone] => 
                        )

                    [card] => stdClass Object
                        (
                            [brand] => mastercard
                            [checks] => stdClass Object
                                (
                                    [address_line1_check] => unchecked
                                    [address_postal_code_check] => unchecked
                                    [cvc_check] => unchecked
                                )

                            [country] => US
                            [display_brand] => mastercard
                            [exp_month] => 6
                            [exp_year] => 2030
                            [fingerprint] => eczd9yHjJVWDYCA2
                            [funding] => debit
                            [generated_from] => 
                            [last4] => 3645
                            [networks] => stdClass Object
                                (
                                    [available] => Array
                                        (
                                            [0] => mastercard
                                        )

                                    [preferred] => 
                                )

                            [three_d_secure_usage] => stdClass Object
                                (
                                    [supported] => 1
                                )

                            [wallet] => 
                        )

                    [created] => 1729861331
                    [customer] => 
                    [livemode] => 
                    [metadata] => stdClass Object
                        (
                        )

                    [radar_options] => stdClass Object
                        (
                        )

                    [type] => card
                )

            [request_log_url] => https://dashboard.stripe.com/acct_1PEZ0MB2DOTvq3XM/test/logs/req_dsGYqeEfCgmYul?t=1729861333
            [type] => card_error
        )

)

====End Log====

2024-10-25T13:02:15+00:00 DEBUG 
====Stripe Version: 8.6.1====
====Stripe Plugin API Version: 2024-06-20====
====Start Log====
Could not find order via charge ID: ch_3QDn9dB2DOTvq3XM1xRmbt9G
====End Log====

2024-10-25T13:04:23+00:00 DEBUG 
====Stripe Version: 8.6.1====
====Stripe Plugin API Version: 2024-06-20====
====Start Log====
payment_methods/pm_1QDnBgB2DOTvq3XMTD3WRZg3
====End Log====

2024-10-25T13:04:23+00:00 DEBUG 
====Stripe Version: 8.6.1====
====Stripe Plugin API Version: 2024-06-20====
====Start Log====
payment_methods/pm_1QDnBgB2DOTvq3XMTD3WRZg3
====End Log====

2024-10-25T13:04:24+00:00 DEBUG 
====Stripe Version: 8.6.1====
====Stripe Plugin API Version: 2024-06-20====
====Start Log====
payment_intents/pi_3QDn9dB2DOTvq3XM1F2MeN1z?expand[]=payment_method request: Array
(
)

====End Log====

2024-10-25T13:04:24+00:00 DEBUG 
====Stripe Version: 8.6.1====
====Stripe Plugin API Version: 2024-06-20====
====Start Log====
payment_intents/pi_3QDn9dB2DOTvq3XM1F2MeN1z?expand[]=payment_method response with stripe-version: 2024-06-20
====End Log====

2024-10-25T13:04:24+00:00 DEBUG 
====Stripe Version: 8.6.1====
====Stripe Plugin API Version: 2024-06-20====
====Start Log====
payment_intents/pi_3QDn9dB2DOTvq3XM1F2MeN1z/confirm request: Array
(
    [capture_method] => automatic
    [payment_method] => pm_1QDnBgB2DOTvq3XMTD3WRZg3
    [shipping] => 
    [level3] => Array
        (
            [merchant_reference] => 494
            [shipping_amount] => 0
            [line_items] => Array
                (
                    [0] => stdClass Object
                        (
                            [product_code] => 382
                            [product_description] => Chicken Rice Dish - Galbi
                            [unit_cost] => 1100
                            [quantity] => 1
                            [tax_amount] => 0
                            [discount_amount] => 0
                        )

                )

        )

)

====End Log====

2024-10-25T13:04:26+00:00 DEBUG 
====Stripe Version: 8.6.1====
====Stripe Plugin API Version: 2024-06-20====
====Start Log====
payment_intents/pi_3QDn9dB2DOTvq3XM1F2MeN1z/confirm response with stripe-version: 2024-06-20
====End Log====

2024-10-25T13:04:26+00:00 DEBUG 
====Stripe Version: 8.6.1====
====Stripe Plugin API Version: 2024-06-20====
====Start Log====
charges/ch_3QDn9dB2DOTvq3XM1cIuuLKf request: Array
(
)

====End Log====

2024-10-25T13:04:26+00:00 DEBUG 
====Stripe Version: 8.6.1====
====Stripe Plugin API Version: 2024-06-20====
====Start Log====
charges/ch_3QDn9dB2DOTvq3XM1cIuuLKf response with stripe-version: 2024-06-20
====End Log====

2024-10-25T13:04:26+00:00 DEBUG 
====Stripe Version: 8.6.1====
====Stripe Plugin API Version: 2024-06-20====
====Start Log====
charges/ch_3QDn9dB2DOTvq3XM1cIuuLKf request: Array
(
)

====End Log====

2024-10-25T13:04:26+00:00 DEBUG 
====Stripe Version: 8.6.1====
====Stripe Plugin API Version: 2024-06-20====
====Start Log====
Could not find order via charge ID: ch_3QDn9dB2DOTvq3XM1cIuuLKf
====End Log====

2024-10-25T13:04:26+00:00 DEBUG 
====Stripe Version: 8.6.1====
====Stripe Plugin API Version: 2024-06-20====
====Start Log====
charges/ch_3QDn9dB2DOTvq3XM1cIuuLKf response with stripe-version: 2024-06-20
====End Log====

2024-10-25T13:04:26+00:00 DEBUG 
====Stripe Version: 8.6.1====
====Stripe Plugin API Version: 2024-06-20====
====Start Log====
Processing response: stdClass Object
(
    [id] => ch_3QDn9dB2DOTvq3XM1cIuuLKf
    [object] => charge
    [amount] => 1100
    [amount_captured] => 1100
    [amount_refunded] => 0
    [application] => ca_BC3QunyBFJIQULdxege9Gyg8WjKI1vXD
    [application_fee] => 
    [application_fee_amount] => 
    [balance_transaction] => txn_3QDn9dB2DOTvq3XM1qI38SSQ
    [billing_details] => stdClass Object
        (
            [address] => stdClass Object
                (
                    [city] => Philadelphia
                    [country] => US
                    [line1] => 901 N Penn St
                    [line2] => Unit R1306
                    [postal_code] => 19107
                    [state] => PA
                )

            [email] => jxconcepts1@gmail.com
            [name] => Jae Chung
            [phone] => 
        )

    [calculated_statement_descriptor] => RELISH MEALS, LLC
    [captured] => 1
    [created] => 1729861465
    [currency] => usd
    [customer] => cus_R5z7RINZjiFEUQ
    [description] => Relish - Order 494
    [destination] => 
    [dispute] => 
    [disputed] => 
    [failure_balance_transaction] => 
    [failure_code] => 
    [failure_message] => 
    [fraud_details] => stdClass Object
        (
        )

    [invoice] => 
    [level3] => stdClass Object
        (
            [line_items] => Array
                (
                    [0] => stdClass Object
                        (
                            [discount_amount] => 0
                            [product_code] => 382
                            [product_description] => Chicken Rice Dish - Galbi
                            [quantity] => 1
                            [tax_amount] => 0
                            [unit_cost] => 1100
                        )

                )

            [merchant_reference] => 494
            [shipping_amount] => 0
        )

    [livemode] => 
    [metadata] => stdClass Object
        (
            [customer_email] => jxconcepts1@gmail.com
            [customer_name] => Jae Chung
            [order_id] => 494
            [order_key] => wc_order_9mHGeEPYkeZ9c
            [payment_type] => single
            [site_url] => https://relish.appstechy.com
        )

    [on_behalf_of] => 
    [order] => 
    [outcome] => stdClass Object
        (
            [network_status] => approved_by_network
            [reason] => 
            [risk_level] => normal
            [risk_score] => 50
            [seller_message] => Payment complete.
            [type] => authorized
        )

    [paid] => 1
    [payment_intent] => pi_3QDn9dB2DOTvq3XM1F2MeN1z
    [payment_method] => pm_1QDnBgB2DOTvq3XMTD3WRZg3
    [payment_method_details] => stdClass Object
        (
            [card] => stdClass Object
                (
                    [amount_authorized] => 1100
                    [authorization_code] => 
                    [brand] => visa
                    [checks] => stdClass Object
                        (
                            [address_line1_check] => pass
                            [address_postal_code_check] => pass
                            [cvc_check] => pass
                        )

                    [country] => US
                    [exp_month] => 6
                    [exp_year] => 2030
                    [extended_authorization] => stdClass Object
                        (
                            [status] => disabled
                        )

                    [fingerprint] => MIWqR4mqZ3SOrQyf
                    [funding] => credit
                    [incremental_authorization] => stdClass Object
                        (
                            [status] => unavailable
                        )

                    [installments] => 
                    [last4] => 4242
                    [mandate] => 
                    [multicapture] => stdClass Object
                        (
                            [status] => unavailable
                        )

                    [network] => visa
                    [network_token] => stdClass Object
                        (
                            [used] => 
                        )

                    [overcapture] => stdClass Object
                        (
                            [maximum_amount_capturable] => 1100
                            [status] => unavailable
                        )

                    [three_d_secure] => 
                    [wallet] => 
                )

            [type] => card
        )

    [radar_options] => stdClass Object
        (
        )

    [receipt_email] => 
    [receipt_number] => 
    [receipt_url] => https://pay.stripe.com/receipts/payment/CAcaFwoVYWNjdF8xUEVaME1CMkRPVHZxM1hNKNqu7rgGMgYOsPgf52U6LBYURHhBsCjy-f6FvRrZ7ufofXwyvaFG7PDYHmwuMBuN8wFJNv3Jlj2XVN2O
    [refunded] => 
    [review] => 
    [shipping] => 
    [source] => 
    [source_transfer] => 
    [statement_descriptor] => 
    [statement_descriptor_suffix] => 
    [status] => succeeded
    [transfer_data] => 
    [transfer_group] => 
)

====End Log====

2024-10-25T13:04:26+00:00 DEBUG 
====Stripe Version: 8.6.1====
====Stripe Plugin API Version: 2024-06-20====
====Start Log====
balance/history/txn_3QDn9dB2DOTvq3XM1qI38SSQ
====End Log====

2024-10-25T13:06:54+00:00 DEBUG 
====Stripe Version: 8.6.1====
====Stripe Plugin API Version: 2024-06-20====
====Start Log====
charges/ch_3QDn9dB2DOTvq3XM1cIuuLKf request: Array
(
    [expand] => Array
        (
            [0] => refunds
        )

)

====End Log====

2024-10-25T13:06:54+00:00 DEBUG 
====Stripe Version: 8.6.1====
====Stripe Plugin API Version: 2024-06-20====
====Start Log====
charges/ch_3QDn9dB2DOTvq3XM1cIuuLKf response with stripe-version: 2024-06-20
====End Log====

2024-10-25T13:06:54+00:00 DEBUG 
====Stripe Version: 8.6.1====
====Stripe Plugin API Version: 2024-06-20====
====Start Log====
Could not find order via refund ID: re_3QDn9dB2DOTvq3XM1dAwXNns
====End Log====

2024-10-25T13:06:54+00:00 DEBUG 
====Stripe Version: 8.6.1====
====Stripe Plugin API Version: 2024-06-20====
====Start Log====
charges/ch_3QDn9dB2DOTvq3XM1cIuuLKf request: Array
(
    [expand] => Array
        (
            [0] => refunds
        )

)

====End Log====

2024-10-25T13:06:55+00:00 DEBUG 
====Stripe Version: 8.6.1====
====Stripe Plugin API Version: 2024-06-20====
====Start Log====
charges/ch_3QDn9dB2DOTvq3XM1cIuuLKf response with stripe-version: 2024-06-20
====End Log====

2024-10-25T13:06:55+00:00 DEBUG 
====Stripe Version: 8.6.1====
====Stripe Plugin API Version: 2024-06-20====
====Start Log====
balance/history/txn_3QDn9dB2DOTvq3XM1t2MKPzi
====End Log====

2024-10-25T14:47:28+00:00 DEBUG 
====Stripe Version: 8.6.1====
====Stripe Plugin API Version: 2024-06-20====
====Start Log====
account
====End Log====

2024-10-25T15:33:49+00:00 DEBUG 
====Stripe Version: 8.6.1====
====Stripe Plugin API Version: 2024-06-20====
====Start Log====
payment_methods request: Array
(
    [customer] => cus_R53wZioyjhkHgU
    [type] => card
    [limit] => 100
)

====End Log====

2024-10-25T15:33:49+00:00 DEBUG 
====Stripe Version: 8.6.1====
====Stripe Plugin API Version: 2024-06-20====
====Start Log====
payment_methods response with stripe-version: 2024-06-20
====End Log====

2024-10-25T15:34:14+00:00 DEBUG 
====Stripe Version: 8.6.1====
====Stripe Plugin API Version: 2024-06-20====
====Start Log====
payment_methods/pm_1QDpWiB2DOTvq3XMitOnNUHv
====End Log====

2024-10-25T15:34:14+00:00 DEBUG 
====Stripe Version: 8.6.1====
====Stripe Plugin API Version: 2024-06-20====
====Start Log====
payment_methods/pm_1QDpWiB2DOTvq3XMitOnNUHv
====End Log====

2024-10-25T15:34:15+00:00 DEBUG 
====Stripe Version: 8.6.1====
====Stripe Plugin API Version: 2024-06-20====
====Start Log====
payment_intents request: Array
(
    [capture_method] => automatic
    [payment_method] => pm_1QDpWiB2DOTvq3XMitOnNUHv
    [shipping] => Array
        (
            [name] => Jae Chung
            [address] => Array
                (
                    [line1] => 901 N Penn St
                    [line2] => Unit R1306
                    [city] => Philadelphia
                    [country] => US
                    [postal_code] => 19107
                    [state] => PA
                )

        )

    [amount] => 2100
    [confirm] => true
    [currency] => usd
    [customer] => cus_R53wZioyjhkHgU
    [description] => Relish - Order 496
    [metadata] => Array
        (
            [customer_name] => Jae Chung
            [customer_email] => jae@relishmeals.co
            [site_url] => https://relish.appstechy.com
            [order_id] => 496
            [order_key] => wc_order_7AvowXy73FDp9
            [payment_type] => single
        )

    [payment_method_types] => Array
        (
            [0] => card
        )

    [payment_method_options] => Array
        (
        )

    [level3] => Array
        (
            [merchant_reference] => 496
            [shipping_amount] => 1000
            [line_items] => Array
                (
                    [0] => stdClass Object
                        (
                            [product_code] => 382
                            [product_description] => Chicken Rice Dish - Galbi
                            [unit_cost] => 1100
                            [quantity] => 1
                            [tax_amount] => 0
                            [discount_amount] => 0
                        )

                )

            [shipping_address_zip] => 19107
        )

)

====End Log====

2024-10-25T15:34:16+00:00 DEBUG 
====Stripe Version: 8.6.1====
====Stripe Plugin API Version: 2024-06-20====
====Start Log====
payment_intents response with stripe-version: 2024-06-20
====End Log====

2024-10-25T15:34:16+00:00 DEBUG 
====Stripe Version: 8.6.1====
====Stripe Plugin API Version: 2024-06-20====
====Start Log====
charges/ch_3QDpWlB2DOTvq3XM1tycqFHN request: Array
(
)

====End Log====

2024-10-25T15:34:17+00:00 DEBUG 
====Stripe Version: 8.6.1====
====Stripe Plugin API Version: 2024-06-20====
====Start Log====
charges/ch_3QDpWlB2DOTvq3XM1tycqFHN response with stripe-version: 2024-06-20
====End Log====

2024-10-25T15:34:17+00:00 DEBUG 
====Stripe Version: 8.6.1====
====Stripe Plugin API Version: 2024-06-20====
====Start Log====
charges/ch_3QDpWlB2DOTvq3XM1tycqFHN request: Array
(
)

====End Log====

2024-10-25T15:34:17+00:00 DEBUG 
====Stripe Version: 8.6.1====
====Stripe Plugin API Version: 2024-06-20====
====Start Log====
Could not find order via charge ID: ch_3QDpWlB2DOTvq3XM1tycqFHN
====End Log====

2024-10-25T15:34:17+00:00 DEBUG 
====Stripe Version: 8.6.1====
====Stripe Plugin API Version: 2024-06-20====
====Start Log====
charges/ch_3QDpWlB2DOTvq3XM1tycqFHN response with stripe-version: 2024-06-20
====End Log====

2024-10-25T15:34:17+00:00 DEBUG 
====Stripe Version: 8.6.1====
====Stripe Plugin API Version: 2024-06-20====
====Start Log====
Processing response: stdClass Object
(
    [id] => ch_3QDpWlB2DOTvq3XM1tycqFHN
    [object] => charge
    [amount] => 2100
    [amount_captured] => 2100
    [amount_refunded] => 0
    [application] => ca_BC3QunyBFJIQULdxege9Gyg8WjKI1vXD
    [application_fee] => 
    [application_fee_amount] => 
    [balance_transaction] => txn_3QDpWlB2DOTvq3XM1u52dlS7
    [billing_details] => stdClass Object
        (
            [address] => stdClass Object
                (
                    [city] => Philadelphia
                    [country] => US
                    [line1] => 901 N Penn St
                    [line2] => Unit R1306
                    [postal_code] => 19107
                    [state] => PA
                )

            [email] => jae@relishmeals.co
            [name] => Jae Chung
            [phone] => 
        )

    [calculated_statement_descriptor] => RELISH MEALS, LLC
    [captured] => 1
    [created] => 1729870455
    [currency] => usd
    [customer] => cus_R53wZioyjhkHgU
    [description] => Relish - Order 496
    [destination] => 
    [dispute] => 
    [disputed] => 
    [failure_balance_transaction] => 
    [failure_code] => 
    [failure_message] => 
    [fraud_details] => stdClass Object
        (
        )

    [invoice] => 
    [level3] => stdClass Object
        (
            [line_items] => Array
                (
                    [0] => stdClass Object
                        (
                            [discount_amount] => 0
                            [product_code] => 382
                            [product_description] => Chicken Rice Dish - Galbi
                            [quantity] => 1
                            [tax_amount] => 0
                            [unit_cost] => 1100
                        )

                )

            [merchant_reference] => 496
            [shipping_address_zip] => 19107
            [shipping_amount] => 1000
        )

    [livemode] => 
    [metadata] => stdClass Object
        (
            [customer_email] => jae@relishmeals.co
            [customer_name] => Jae Chung
            [order_id] => 496
            [order_key] => wc_order_7AvowXy73FDp9
            [payment_type] => single
            [site_url] => https://relish.appstechy.com
        )

    [on_behalf_of] => 
    [order] => 
    [outcome] => stdClass Object
        (
            [network_status] => approved_by_network
            [reason] => 
            [risk_level] => normal
            [risk_score] => 36
            [seller_message] => Payment complete.
            [type] => authorized
        )

    [paid] => 1
    [payment_intent] => pi_3QDpWlB2DOTvq3XM1ylmmfLe
    [payment_method] => pm_1QDpWiB2DOTvq3XMitOnNUHv
    [payment_method_details] => stdClass Object
        (
            [card] => stdClass Object
                (
                    [amount_authorized] => 2100
                    [authorization_code] => 
                    [brand] => visa
                    [checks] => stdClass Object
                        (
                            [address_line1_check] => pass
                            [address_postal_code_check] => pass
                            [cvc_check] => pass
                        )

                    [country] => US
                    [exp_month] => 12
                    [exp_year] => 2028
                    [extended_authorization] => stdClass Object
                        (
                            [status] => disabled
                        )

                    [fingerprint] => MIWqR4mqZ3SOrQyf
                    [funding] => credit
                    [incremental_authorization] => stdClass Object
                        (
                            [status] => unavailable
                        )

                    [installments] => 
                    [last4] => 4242
                    [mandate] => 
                    [multicapture] => stdClass Object
                        (
                            [status] => unavailable
                        )

                    [network] => visa
                    [network_token] => stdClass Object
                        (
                            [used] => 
                        )

                    [overcapture] => stdClass Object
                        (
                            [maximum_amount_capturable] => 2100
                            [status] => unavailable
                        )

                    [three_d_secure] => 
                    [wallet] => 
                )

            [type] => card
        )

    [radar_options] => stdClass Object
        (
        )

    [receipt_email] => 
    [receipt_number] => 
    [receipt_url] => https://pay.stripe.com/receipts/payment/CAcaFwoVYWNjdF8xUEVaME1CMkRPVHZxM1hNKPn07rgGMgaxofbS4XA6LBZ3YEcLeGmSKxBJr6d6wv_NuMau425LyKyg-q0abQrYU_FU9ShT3rrQQKDm
    [refunded] => 
    [review] => 
    [shipping] => stdClass Object
        (
            [address] => stdClass Object
                (
                    [city] => Philadelphia
                    [country] => US
                    [line1] => 901 N Penn St
                    [line2] => Unit R1306
                    [postal_code] => 19107
                    [state] => PA
                )

            [carrier] => 
            [name] => Jae Chung
            [phone] => 
            [tracking_number] => 
        )

    [source] => 
    [source_transfer] => 
    [statement_descriptor] => 
    [statement_descriptor_suffix] => 
    [status] => succeeded
    [transfer_data] => 
    [transfer_group] => 
)

====End Log====

2024-10-25T15:34:17+00:00 DEBUG 
====Stripe Version: 8.6.1====
====Stripe Plugin API Version: 2024-06-20====
====Start Log====
balance/history/txn_3QDpWlB2DOTvq3XM1u52dlS7
====End Log====

2024-10-25T18:06:13+00:00 DEBUG 
====Stripe Version: 8.6.1====
====Stripe Plugin API Version: 2024-06-20====
====Start Log====
account
====End Log====

2024-10-25T18:06:14+00:00 DEBUG 
====Stripe Version: 8.6.1====
====Stripe Plugin API Version: 2024-06-20====
====Start Log====
account
====End Log====

2024-10-25T18:06:14+00:00 DEBUG 
====Stripe Version: 8.6.1====
====Stripe Plugin API Version: 2024-06-20====
====Start Log====
account
====End Log====

2024-10-25T18:06:15+00:00 DEBUG 
====Stripe Version: 8.6.1====
====Stripe Plugin API Version: 2024-06-20====
====Start Log====
account
====End Log====

2024-10-25T18:06:15+00:00 DEBUG 
====Stripe Version: 8.6.1====
====Stripe Plugin API Version: 2024-06-20====
====Start Log====
account
====End Log====

2024-10-25T18:06:16+00:00 DEBUG 
====Stripe Version: 8.6.1====
====Stripe Plugin API Version: 2024-06-20====
====Start Log====
account
====End Log====

2024-10-25T18:06:16+00:00 DEBUG 
====Stripe Version: 8.6.1====
====Stripe Plugin API Version: 2024-06-20====
====Start Log====
account
====End Log====

2024-10-25T18:06:17+00:00 DEBUG 
====Stripe Version: 8.6.1====
====Stripe Plugin API Version: 2024-06-20====
====Start Log====
account
====End Log====

2024-10-25T18:06:18+00:00 DEBUG 
====Stripe Version: 8.6.1====
====Stripe Plugin API Version: 2024-06-20====
====Start Log====
account
====End Log====

2024-10-25T18:06:18+00:00 DEBUG 
====Stripe Version: 8.6.1====
====Stripe Plugin API Version: 2024-06-20====
====Start Log====
account
====End Log====

2024-10-25T18:06:19+00:00 DEBUG 
====Stripe Version: 8.6.1====
====Stripe Plugin API Version: 2024-06-20====
====Start Log====
account
====End Log====

2024-10-25T18:06:19+00:00 DEBUG 
====Stripe Version: 8.6.1====
====Stripe Plugin API Version: 2024-06-20====
====Start Log====
account
====End Log====

2024-10-25T18:06:20+00:00 DEBUG 
====Stripe Version: 8.6.1====
====Stripe Plugin API Version: 2024-06-20====
====Start Log====
account
====End Log====

2024-10-25T18:06:20+00:00 DEBUG 
====Stripe Version: 8.6.1====
====Stripe Plugin API Version: 2024-06-20====
====Start Log====
account
====End Log====

2024-10-25T18:06:21+00:00 DEBUG 
====Stripe Version: 8.6.1====
====Stripe Plugin API Version: 2024-06-20====
====Start Log====
account
====End Log====

2024-10-25T18:06:21+00:00 DEBUG 
====Stripe Version: 8.6.1====
====Stripe Plugin API Version: 2024-06-20====
====Start Log====
account
====End Log====

2024-10-25T18:06:22+00:00 DEBUG 
====Stripe Version: 8.6.1====
====Stripe Plugin API Version: 2024-06-20====
====Start Log====
account
====End Log====

2024-10-25T18:06:22+00:00 DEBUG 
====Stripe Version: 8.6.1====
====Stripe Plugin API Version: 2024-06-20====
====Start Log====
account
====End Log====

2024-10-25T18:06:23+00:00 DEBUG 
====Stripe Version: 8.6.1====
====Stripe Plugin API Version: 2024-06-20====
====Start Log====
account
====End Log====

2024-10-25T18:06:23+00:00 DEBUG 
====Stripe Version: 8.6.1====
====Stripe Plugin API Version: 2024-06-20====
====Start Log====
account
====End Log====

2024-10-25T18:06:24+00:00 DEBUG 
====Stripe Version: 8.6.1====
====Stripe Plugin API Version: 2024-06-20====
====Start Log====
account
====End Log====

2024-10-25T18:06:24+00:00 DEBUG 
====Stripe Version: 8.6.1====
====Stripe Plugin API Version: 2024-06-20====
====Start Log====
account
====End Log====

2024-10-25T18:06:25+00:00 DEBUG 
====Stripe Version: 8.6.1====
====Stripe Plugin API Version: 2024-06-20====
====Start Log====
account
====End Log====

2024-10-25T18:06:25+00:00 DEBUG 
====Stripe Version: 8.6.1====
====Stripe Plugin API Version: 2024-06-20====
====Start Log====
account
====End Log====

2024-10-25T18:06:26+00:00 DEBUG 
====Stripe Version: 8.6.1====
====Stripe Plugin API Version: 2024-06-20====
====Start Log====
account
====End Log====

2024-10-25T18:06:27+00:00 DEBUG 
====Stripe Version: 8.6.1====
====Stripe Plugin API Version: 2024-06-20====
====Start Log====
account
====End Log====

2024-10-25T18:06:28+00:00 DEBUG 
====Stripe Version: 8.6.1====
====Stripe Plugin API Version: 2024-06-20====
====Start Log====
account
====End Log====

2024-10-25T18:06:28+00:00 DEBUG 
====Stripe Version: 8.6.1====
====Stripe Plugin API Version: 2024-06-20====
====Start Log====
account
====End Log====

2024-10-25T18:06:29+00:00 DEBUG 
====Stripe Version: 8.6.1====
====Stripe Plugin API Version: 2024-06-20====
====Start Log====
account
====End Log====

2024-10-25T18:06:29+00:00 DEBUG 
====Stripe Version: 8.6.1====
====Stripe Plugin API Version: 2024-06-20====
====Start Log====
account
====End Log====

2024-10-25T18:06:30+00:00 DEBUG 
====Stripe Version: 8.6.1====
====Stripe Plugin API Version: 2024-06-20====
====Start Log====
account
====End Log====

2024-10-25T18:06:30+00:00 DEBUG 
====Stripe Version: 8.6.1====
====Stripe Plugin API Version: 2024-06-20====
====Start Log====
account
====End Log====

2024-10-25T18:06:31+00:00 DEBUG 
====Stripe Version: 8.6.1====
====Stripe Plugin API Version: 2024-06-20====
====Start Log====
account
====End Log====

2024-10-25T18:06:31+00:00 DEBUG 
====Stripe Version: 8.6.1====
====Stripe Plugin API Version: 2024-06-20====
====Start Log====
account
====End Log====

2024-10-25T18:06:33+00:00 DEBUG 
====Stripe Version: 8.6.1====
====Stripe Plugin API Version: 2024-06-20====
====Start Log====
account
====End Log====

2024-10-25T18:06:34+00:00 DEBUG 
====Stripe Version: 8.6.1====
====Stripe Plugin API Version: 2024-06-20====
====Start Log====
account
====End Log====

2024-10-25T18:06:34+00:00 DEBUG 
====Stripe Version: 8.6.1====
====Stripe Plugin API Version: 2024-06-20====
====Start Log====
account
====End Log====

2024-10-25T18:06:35+00:00 DEBUG 
====Stripe Version: 8.6.1====
====Stripe Plugin API Version: 2024-06-20====
====Start Log====
account
====End Log====

2024-10-25T18:06:35+00:00 DEBUG 
====Stripe Version: 8.6.1====
====Stripe Plugin API Version: 2024-06-20====
====Start Log====
account
====End Log====

2024-10-25T18:06:36+00:00 DEBUG 
====Stripe Version: 8.6.1====
====Stripe Plugin API Version: 2024-06-20====
====Start Log====
account
====End Log====

2024-10-25T18:06:36+00:00 DEBUG 
====Stripe Version: 8.6.1====
====Stripe Plugin API Version: 2024-06-20====
====Start Log====
account
====End Log====

2024-10-25T18:06:37+00:00 DEBUG 
====Stripe Version: 8.6.1====
====Stripe Plugin API Version: 2024-06-20====
====Start Log====
account
====End Log====

2024-10-25T18:06:37+00:00 DEBUG 
====Stripe Version: 8.6.1====
====Stripe Plugin API Version: 2024-06-20====
====Start Log====
account
====End Log====

2024-10-25T18:06:38+00:00 DEBUG 
====Stripe Version: 8.6.1====
====Stripe Plugin API Version: 2024-06-20====
====Start Log====
account
====End Log====

2024-10-25T18:06:38+00:00 DEBUG 
====Stripe Version: 8.6.1====
====Stripe Plugin API Version: 2024-06-20====
====Start Log====
account
====End Log====

2024-10-25T18:06:39+00:00 DEBUG 
====Stripe Version: 8.6.1====
====Stripe Plugin API Version: 2024-06-20====
====Start Log====
account
====End Log====

2024-10-25T18:06:39+00:00 DEBUG 
====Stripe Version: 8.6.1====
====Stripe Plugin API Version: 2024-06-20====
====Start Log====
account
====End Log====

2024-10-25T18:06:40+00:00 DEBUG 
====Stripe Version: 8.6.1====
====Stripe Plugin API Version: 2024-06-20====
====Start Log====
account
====End Log====

2024-10-25T18:06:40+00:00 DEBUG 
====Stripe Version: 8.6.1====
====Stripe Plugin API Version: 2024-06-20====
====Start Log====
account
====End Log====

2024-10-25T18:06:41+00:00 DEBUG 
====Stripe Version: 8.6.1====
====Stripe Plugin API Version: 2024-06-20====
====Start Log====
account
====End Log====

2024-10-25T18:06:41+00:00 DEBUG 
====Stripe Version: 8.6.1====
====Stripe Plugin API Version: 2024-06-20====
====Start Log====
account
====End Log====

2024-10-25T18:06:42+00:00 DEBUG 
====Stripe Version: 8.6.1====
====Stripe Plugin API Version: 2024-06-20====
====Start Log====
account
====End Log====

2024-10-25T18:06:43+00:00 DEBUG 
====Stripe Version: 8.6.1====
====Stripe Plugin API Version: 2024-06-20====
====Start Log====
account
====End Log====

2024-10-25T18:06:43+00:00 DEBUG 
====Stripe Version: 8.6.1====
====Stripe Plugin API Version: 2024-06-20====
====Start Log====
account
====End Log====

2024-10-25T18:06:44+00:00 DEBUG 
====Stripe Version: 8.6.1====
====Stripe Plugin API Version: 2024-06-20====
====Start Log====
account
====End Log====

2024-10-25T18:06:44+00:00 DEBUG 
====Stripe Version: 8.6.1====
====Stripe Plugin API Version: 2024-06-20====
====Start Log====
account
====End Log====

2024-10-25T18:06:45+00:00 DEBUG 
====Stripe Version: 8.6.1====
====Stripe Plugin API Version: 2024-06-20====
====Start Log====
account
====End Log====

2024-10-25T18:06:45+00:00 DEBUG 
====Stripe Version: 8.6.1====
====Stripe Plugin API Version: 2024-06-20====
====Start Log====
account
====End Log====

2024-10-25T18:06:46+00:00 DEBUG 
====Stripe Version: 8.6.1====
====Stripe Plugin API Version: 2024-06-20====
====Start Log====
account
====End Log====

2024-10-25T18:06:46+00:00 DEBUG 
====Stripe Version: 8.6.1====
====Stripe Plugin API Version: 2024-06-20====
====Start Log====
account
====End Log====

2024-10-25T18:14:15+00:00 DEBUG 
====Stripe Version: 8.6.1====
====Stripe Plugin API Version: 2024-06-20====
====Start Log====
payment_methods/pm_1QDs1aB2DOTvq3XMthcWQJUv
====End Log====

2024-10-25T18:14:16+00:00 DEBUG 
====Stripe Version: 8.6.1====
====Stripe Plugin API Version: 2024-06-20====
====Start Log====
payment_methods/pm_1QDs1aB2DOTvq3XMthcWQJUv
====End Log====

2024-10-25T18:14:16+00:00 DEBUG 
====Stripe Version: 8.6.1====
====Stripe Plugin API Version: 2024-06-20====
====Start Log====
payment_intents request: Array
(
    [capture_method] => automatic
    [payment_method] => pm_1QDs1aB2DOTvq3XMthcWQJUv
    [shipping] => Array
        (
            [name] => Jae Chung
            [address] => Array
                (
                    [line1] => 901 N Penn St
                    [line2] => Unit R1306
                    [city] => Philadelphia
                    [country] => US
                    [postal_code] => 19107
                    [state] => PA
                )

        )

    [amount] => 2268
    [confirm] => true
    [currency] => usd
    [customer] => cus_R53wZioyjhkHgU
    [description] => Relish - Order 497
    [metadata] => Array
        (
            [customer_name] => Jae Chung
            [customer_email] => jae@relishmeals.co
            [site_url] => https://relish.appstechy.com
            [order_id] => 497
            [order_key] => wc_order_mmO26sl8gWGLW
            [payment_type] => single
        )

    [payment_method_types] => Array
        (
            [0] => card
        )

    [payment_method_options] => Array
        (
        )

    [level3] => Array
        (
            [merchant_reference] => 497
            [shipping_amount] => 1080
            [line_items] => Array
                (
                    [0] => stdClass Object
                        (
                            [product_code] => 382
                            [product_description] => Chicken Rice Dish - Galbi
                            [unit_cost] => 1100
                            [quantity] => 1
                            [tax_amount] => 88
                            [discount_amount] => 0
                        )

                )

            [shipping_address_zip] => 19107
        )

)

====End Log====

2024-10-25T18:14:17+00:00 DEBUG 
====Stripe Version: 8.6.1====
====Stripe Plugin API Version: 2024-06-20====
====Start Log====
payment_intents response with stripe-version: 2024-06-20
====End Log====

2024-10-25T18:14:17+00:00 DEBUG 
====Stripe Version: 8.6.1====
====Stripe Plugin API Version: 2024-06-20====
====Start Log====
charges/ch_3QDs1dB2DOTvq3XM0kPfPfXr request: Array
(
)

====End Log====

2024-10-25T18:14:18+00:00 DEBUG 
====Stripe Version: 8.6.1====
====Stripe Plugin API Version: 2024-06-20====
====Start Log====
charges/ch_3QDs1dB2DOTvq3XM0kPfPfXr response with stripe-version: 2024-06-20
====End Log====

2024-10-25T18:14:18+00:00 DEBUG 
====Stripe Version: 8.6.1====
====Stripe Plugin API Version: 2024-06-20====
====Start Log====
charges/ch_3QDs1dB2DOTvq3XM0kPfPfXr request: Array
(
)

====End Log====

2024-10-25T18:14:18+00:00 DEBUG 
====Stripe Version: 8.6.1====
====Stripe Plugin API Version: 2024-06-20====
====Start Log====
Could not find order via charge ID: ch_3QDs1dB2DOTvq3XM0kPfPfXr
====End Log====

2024-10-25T18:14:18+00:00 DEBUG 
====Stripe Version: 8.6.1====
====Stripe Plugin API Version: 2024-06-20====
====Start Log====
charges/ch_3QDs1dB2DOTvq3XM0kPfPfXr response with stripe-version: 2024-06-20
====End Log====

2024-10-25T18:14:18+00:00 DEBUG 
====Stripe Version: 8.6.1====
====Stripe Plugin API Version: 2024-06-20====
====Start Log====
Processing response: stdClass Object
(
    [id] => ch_3QDs1dB2DOTvq3XM0kPfPfXr
    [object] => charge
    [amount] => 2268
    [amount_captured] => 2268
    [amount_refunded] => 0
    [application] => ca_BC3QunyBFJIQULdxege9Gyg8WjKI1vXD
    [application_fee] => 
    [application_fee_amount] => 
    [balance_transaction] => txn_3QDs1dB2DOTvq3XM06AvR75u
    [billing_details] => stdClass Object
        (
            [address] => stdClass Object
                (
                    [city] => Philadelphia
                    [country] => US
                    [line1] => 901 N Penn St
                    [line2] => Unit R1306
                    [postal_code] => 19107
                    [state] => PA
                )

            [email] => jae@relishmeals.co
            [name] => Jae Chung
            [phone] => 
        )

    [calculated_statement_descriptor] => RELISH MEALS, LLC
    [captured] => 1
    [created] => 1729880057
    [currency] => usd
    [customer] => cus_R53wZioyjhkHgU
    [description] => Relish - Order 497
    [destination] => 
    [dispute] => 
    [disputed] => 
    [failure_balance_transaction] => 
    [failure_code] => 
    [failure_message] => 
    [fraud_details] => stdClass Object
        (
        )

    [invoice] => 
    [level3] => stdClass Object
        (
            [line_items] => Array
                (
                    [0] => stdClass Object
                        (
                            [discount_amount] => 0
                            [product_code] => 382
                            [product_description] => Chicken Rice Dish - Galbi
                            [quantity] => 1
                            [tax_amount] => 88
                            [unit_cost] => 1100
                        )

                )

            [merchant_reference] => 497
            [shipping_address_zip] => 19107
            [shipping_amount] => 1080
        )

    [livemode] => 
    [metadata] => stdClass Object
        (
            [customer_email] => jae@relishmeals.co
            [customer_name] => Jae Chung
            [order_id] => 497
            [order_key] => wc_order_mmO26sl8gWGLW
            [payment_type] => single
            [site_url] => https://relish.appstechy.com
        )

    [on_behalf_of] => 
    [order] => 
    [outcome] => stdClass Object
        (
            [network_status] => approved_by_network
            [reason] => 
            [risk_level] => normal
            [risk_score] => 45
            [seller_message] => Payment complete.
            [type] => authorized
        )

    [paid] => 1
    [payment_intent] => pi_3QDs1dB2DOTvq3XM0z56Ukoa
    [payment_method] => pm_1QDs1aB2DOTvq3XMthcWQJUv
    [payment_method_details] => stdClass Object
        (
            [card] => stdClass Object
                (
                    [amount_authorized] => 2268
                    [authorization_code] => 
                    [brand] => visa
                    [checks] => stdClass Object
                        (
                            [address_line1_check] => pass
                            [address_postal_code_check] => pass
                            [cvc_check] => pass
                        )

                    [country] => US
                    [exp_month] => 12
                    [exp_year] => 2028
                    [extended_authorization] => stdClass Object
                        (
                            [status] => disabled
                        )

                    [fingerprint] => MIWqR4mqZ3SOrQyf
                    [funding] => credit
                    [incremental_authorization] => stdClass Object
                        (
                            [status] => unavailable
                        )

                    [installments] => 
                    [last4] => 4242
                    [mandate] => 
                    [multicapture] => stdClass Object
                        (
                            [status] => unavailable
                        )

                    [network] => visa
                    [network_token] => stdClass Object
                        (
                            [used] => 
                        )

                    [overcapture] => stdClass Object
                        (
                            [maximum_amount_capturable] => 2268
                            [status] => unavailable
                        )

                    [three_d_secure] => 
                    [wallet] => 
                )

            [type] => card
        )

    [radar_options] => stdClass Object
        (
        )

    [receipt_email] => 
    [receipt_number] => 
    [receipt_url] => https://pay.stripe.com/receipts/payment/CAcaFwoVYWNjdF8xUEVaME1CMkRPVHZxM1hNKPq_77gGMgaKxRxGMDQ6LBYUrXCBZbXWpePz3KlwKKXkiKlud0zBpBzd-UKN0AHx4ppFicvH6kE4PjgL
    [refunded] => 
    [review] => 
    [shipping] => stdClass Object
        (
            [address] => stdClass Object
                (
                    [city] => Philadelphia
                    [country] => US
                    [line1] => 901 N Penn St
                    [line2] => Unit R1306
                    [postal_code] => 19107
                    [state] => PA
                )

            [carrier] => 
            [name] => Jae Chung
            [phone] => 
            [tracking_number] => 
        )

    [source] => 
    [source_transfer] => 
    [statement_descriptor] => 
    [statement_descriptor_suffix] => 
    [status] => succeeded
    [transfer_data] => 
    [transfer_group] => 
)

====End Log====

2024-10-25T18:14:18+00:00 DEBUG 
====Stripe Version: 8.6.1====
====Stripe Plugin API Version: 2024-06-20====
====Start Log====
balance/history/txn_3QDs1dB2DOTvq3XM06AvR75u
====End Log====

2024-10-25T20:44:51+00:00 DEBUG 
====Stripe Version: 8.6.1====
====Stripe Plugin API Version: 2024-06-20====
====Start Log====
account
====End Log====

